{"name": "test_add_employee[chrome]", "status": "broken", "statusDetails": {"message": "selenium.common.exceptions.ElementClickInterceptedException: Message: element click intercepted: Element <button data-v-10d463b7=\"\" data-v-304890b0=\"\" type=\"submit\" class=\"oxd-button oxd-button--medium oxd-button--secondary orangehrm-left-space\">...</button> is not clickable at point (1147, 497). Other element would receive the click: <div data-v-d5bfe35b=\"\" class=\"oxd-form-loader\">...</div>\n  (Session info: chrome=143.0.7499.194); For documentation on this error, please visit: https://www.selenium.dev/documentation/webdriver/troubleshooting/errors#elementclickinterceptedexception\nStacktrace:\nSymbols not available. Dumping unresolved backtrace:\n\t0x7ff70fb488d5\n\t0x7ff70fb48930\n\t0x7ff70f92165d\n\t0x7ff70f9819e8\n\t0x7ff70f97f40f\n\t0x7ff70f97c417\n\t0x7ff70f97b338\n\t0x7ff70f96ce7f\n\t0x7ff70f9a1fda\n\t0x7ff70f96c746\n\t0x7ff70f9cac97\n\t0x7ff70f96ac29\n\t0x7ff70f96ba93\n\t0x7ff70fe60620\n\t0x7ff70fe5af60\n\t0x7ff70fe796c6\n\t0x7ff70fb65dd4\n\t0x7ff70fb6ed7c\n\t0x7ff70fb51ff4\n\t0x7ff70fb521a5\n\t0x7ff70fb37ed2\n\t0x7ffd0903e8d7\n\t0x7ffd0a0ec53c", "trace": "logged_in_driver = <selenium.webdriver.chrome.webdriver.WebDriver (session=\"be53bb3a723fef03f844f3478c80f131\")>\n\n    def test_add_employee(logged_in_driver):\n        driver = logged_in_driver  # Uses BASE_USERNAME / BASE_PASSWORD by default\n        print(\"Logged in\")\n    \n        # Step 1: click PIM from menu\n        menu_page = MenuPage(driver)\n        menu_page.click_pim()\n        logging.info(\"STEP 1 : Clicked PIM menu\")\n    \n        # Step 2: click Add Employee from PIM page\n        pim_page = PimPage(driver)\n>       pim_page.click_add_employee(\"John\", \"Doe\")\n\ntests\\test_add_employee.py:24: \n_ _ _ _ _ _ _ _ _ _ _ _ _ _ _ _ _ _ _ _ _ _ _ _ _ _ _ _ _ _ _ _ _ _ _ _ _ _ _ _ _ _ _ _ _ _ _ _ _ _ _ _ _ _ _ _ _ _ _\npages\\pim_page.py:14: in click_add_employee\n    self.click((By.XPATH, \"//button[normalize-space()='Save']\"), \"Save Employee button\")\npages\\base_page.py:18: in click\n    self._handle_error(\"Click failed\", description, e)\npages\\base_page.py:15: in click\n    element.click()\n..\\.venv\\lib\\site-packages\\selenium\\webdriver\\remote\\webelement.py:119: in click\n    self._execute(Command.CLICK_ELEMENT)\n..\\.venv\\lib\\site-packages\\selenium\\webdriver\\remote\\webelement.py:572: in _execute\n    return self._parent.execute(command, params)\n..\\.venv\\lib\\site-packages\\selenium\\webdriver\\remote\\webdriver.py:458: in execute\n    self.error_handler.check_response(response)\n_ _ _ _ _ _ _ _ _ _ _ _ _ _ _ _ _ _ _ _ _ _ _ _ _ _ _ _ _ _ _ _ _ _ _ _ _ _ _ _ _ _ _ _ _ _ _ _ _ _ _ _ _ _ _ _ _ _ _\n\nself = <selenium.webdriver.remote.errorhandler.ErrorHandler object at 0x000001B7B9360280>\nresponse = {'status': 400, 'value': '{\"value\":{\"error\":\"element click intercepted\",\"message\":\"element click intercepted: Element ...ff70fb6ed7c\\\\n\\\\t0x7ff70fb51ff4\\\\n\\\\t0x7ff70fb521a5\\\\n\\\\t0x7ff70fb37ed2\\\\n\\\\t0x7ffd0903e8d7\\\\n\\\\t0x7ffd0a0ec53c\\\\n\"}}'}\n\n    def check_response(self, response: dict[str, Any]) -> None:\n        \"\"\"Checks that a JSON response from the WebDriver does not have an\n        error.\n    \n        Args:\n            response: The JSON response from the WebDriver server as a dictionary\n                object.\n    \n        Raises:\n            WebDriverException: If the response contains an error message.\n        \"\"\"\n        status = response.get(\"status\", None)\n        if not status or status == ErrorCode.SUCCESS:\n            return\n        value = None\n        message = response.get(\"message\", \"\")\n        screen: str = response.get(\"screen\", \"\")\n        stacktrace = None\n        if isinstance(status, int):\n            value_json = response.get(\"value\", None)\n            if value_json and isinstance(value_json, str):\n                try:\n                    value = json.loads(value_json)\n                    if isinstance(value, dict):\n                        if len(value) == 1:\n                            value = value[\"value\"]\n                        status = value.get(\"error\", None)\n                        if not status:\n                            status = value.get(\"status\", ErrorCode.UNKNOWN_ERROR)\n                            message = value.get(\"value\") or value.get(\"message\")\n                            if not isinstance(message, str):\n                                value = message\n                                message = message.get(\"message\") if isinstance(message, dict) else None\n                        else:\n                            message = value.get(\"message\", None)\n                except ValueError:\n                    pass\n    \n        exception_class: type[WebDriverException]\n        e = ErrorCode()\n        error_codes = [item for item in dir(e) if not item.startswith(\"__\")]\n        for error_code in error_codes:\n            error_info = getattr(ErrorCode, error_code)\n            if isinstance(error_info, list) and status in error_info:\n                exception_class = getattr(ExceptionMapping, error_code, WebDriverException)\n                break\n        else:\n            exception_class = WebDriverException\n    \n        if not value:\n            value = response[\"value\"]\n        if isinstance(value, str):\n            raise exception_class(value)\n        if message == \"\" and \"message\" in value:\n            message = value[\"message\"]\n    \n        screen = None  # type: ignore[assignment]\n        if \"screen\" in value:\n            screen = value[\"screen\"]\n    \n        stacktrace = None\n        st_value = value.get(\"stackTrace\") or value.get(\"stacktrace\")\n        if st_value:\n            if isinstance(st_value, str):\n                stacktrace = st_value.split(\"\\n\")\n            else:\n                stacktrace = []\n                try:\n                    for frame in st_value:\n                        line = frame.get(\"lineNumber\", \"\")\n                        file = frame.get(\"fileName\", \"<anonymous>\")\n                        if line:\n                            file = f\"{file}:{line}\"\n                        meth = frame.get(\"methodName\", \"<anonymous>\")\n                        if \"className\" in frame:\n                            meth = f\"{frame['className']}.{meth}\"\n                        msg = \"    at %s (%s)\"\n                        msg = msg % (meth, file)\n                        stacktrace.append(msg)\n                except TypeError:\n                    pass\n        if exception_class == UnexpectedAlertPresentException:\n            alert_text = None\n            if \"data\" in value:\n                alert_text = value[\"data\"].get(\"text\")\n            elif \"alert\" in value:\n                alert_text = value[\"alert\"].get(\"text\")\n            raise exception_class(message, screen, stacktrace, alert_text)  # type: ignore[call-arg]  # mypy is not smart enough here\n>       raise exception_class(message, screen, stacktrace)\nE       selenium.common.exceptions.ElementClickInterceptedException: Message: element click intercepted: Element <button data-v-10d463b7=\"\" data-v-304890b0=\"\" type=\"submit\" class=\"oxd-button oxd-button--medium oxd-button--secondary orangehrm-left-space\">...</button> is not clickable at point (1147, 497). Other element would receive the click: <div data-v-d5bfe35b=\"\" class=\"oxd-form-loader\">...</div>\nE         (Session info: chrome=143.0.7499.194); For documentation on this error, please visit: https://www.selenium.dev/documentation/webdriver/troubleshooting/errors#elementclickinterceptedexception\nE       Stacktrace:\nE       Symbols not available. Dumping unresolved backtrace:\nE       \t0x7ff70fb488d5\nE       \t0x7ff70fb48930\nE       \t0x7ff70f92165d\nE       \t0x7ff70f9819e8\nE       \t0x7ff70f97f40f\nE       \t0x7ff70f97c417\nE       \t0x7ff70f97b338\nE       \t0x7ff70f96ce7f\nE       \t0x7ff70f9a1fda\nE       \t0x7ff70f96c746\nE       \t0x7ff70f9cac97\nE       \t0x7ff70f96ac29\nE       \t0x7ff70f96ba93\nE       \t0x7ff70fe60620\nE       \t0x7ff70fe5af60\nE       \t0x7ff70fe796c6\nE       \t0x7ff70fb65dd4\nE       \t0x7ff70fb6ed7c\nE       \t0x7ff70fb51ff4\nE       \t0x7ff70fb521a5\nE       \t0x7ff70fb37ed2\nE       \t0x7ffd0903e8d7\nE       \t0x7ffd0a0ec53c\n\n..\\.venv\\lib\\site-packages\\selenium\\webdriver\\remote\\errorhandler.py:233: ElementClickInterceptedException"}, "attachments": [{"name": "log", "source": "d4182661-19b4-4474-aa8a-d20651dfe06a-attachment.txt", "type": "text/plain"}, {"name": "stdout", "source": "18787e82-0da2-4043-b26b-d9c7890c30b7-attachment.txt", "type": "text/plain"}], "parameters": [{"name": "driver", "value": "'chrome'"}], "start": 1768942546954, "stop": 1768942554167, "uuid": "bb709c51-0b09-4c22-8175-25ca6781f7e3", "historyId": "fe3c94f58c9ed8d9cb285da67ce5d0db", "testCaseId": "310529c96f359063fe1615ba6da44ecc", "fullName": "tests.test_add_employee#test_add_employee", "labels": [{"name": "parentSuite", "value": "tests"}, {"name": "suite", "value": "test_add_employee"}, {"name": "host", "value": "LAPTOP-FMHHMO83"}, {"name": "thread", "value": "25200-MainThread"}, {"name": "framework", "value": "pytest"}, {"name": "language", "value": "cpython3"}, {"name": "package", "value": "tests.test_add_employee"}], "titlePath": ["tests", "test_add_employee.py"]}