[32mINFO    [0m root:conftest.py:27 []
[32mINFO    [0m root:conftest.py:36 Running on chrome browser
[31m[1mERROR   [0m root:base_page.py:44 Send keys failed - Username field
[31m[1mERROR   [0m root:base_page.py:45 Message: 
Stacktrace:
Symbols not available. Dumping unresolved backtrace:
	0x7ff776dc5715
	0x7ff776dc5770
	0x7ff776b7108d
	0x7ff776bcc3be
	0x7ff776bcc6cc
	0x7ff776c1d2f7
	0x7ff776c19e45
	0x7ff776bbcc28
	0x7ff776bbdb33
	0x7ff7770ae9f0
	0x7ff7770a8ded
	0x7ff7770c969a
	0x7ff776de11e5
	0x7ff776de99cc
	0x7ff776dcebf4
	0x7ff776dceda6
	0x7ff776db4e87
	0x7ffd0903e8d7
	0x7ffd0a0ec53c
Traceback (most recent call last):
  File "C:\Users\eksri\NMMProject\UIProject\pages\base_page.py", line 22, in send_keys
    element = self.wait.until(EC.visibility_of_element_located(locator))
  File "c:\Users\eksri\NMMProject\.venv\lib\site-packages\selenium\webdriver\support\wait.py", line 138, in until
    raise TimeoutException(message, screen, stacktrace)
selenium.common.exceptions.TimeoutException: Message: 
Stacktrace:
Symbols not available. Dumping unresolved backtrace:
	0x7ff776dc5715
	0x7ff776dc5770
	0x7ff776b7108d
	0x7ff776bcc3be
	0x7ff776bcc6cc
	0x7ff776c1d2f7
	0x7ff776c19e45
	0x7ff776bbcc28
	0x7ff776bbdb33
	0x7ff7770ae9f0
	0x7ff7770a8ded
	0x7ff7770c969a
	0x7ff776de11e5
	0x7ff776de99cc
	0x7ff776dcebf4
	0x7ff776dceda6
	0x7ff776db4e87
	0x7ffd0903e8d7
	0x7ffd0a0ec53c