{"name": "test_search[chrome]", "status": "failed", "statusDetails": {"message": "AssertionError: Employee First name Charles not found in search results\nassert False\n +  where False = is_employee_found('First (& Middle) Name', 'Charles')\n +    where is_employee_found = <UIProject.pages.pim_page.PimPage object at 0x000001AA65FB1570>.is_employee_found", "trace": "logged_in_driver = <selenium.webdriver.chrome.webdriver.WebDriver (session=\"f5c46924b2a5de8c62cef1d289baae11\")>\n\n    def test_search(logged_in_driver):\n        driver = logged_in_driver  # Uses BASE_USERNAME / BASE_PASSWORD by default\n        print(\"Logged in\")\n    \n        # Step 1: click PIM from menu\n        menu_page = MenuPage(driver)\n        menu_page.click_pim()\n        assert menu_page.is_pim_menu_opened(), \"PIM menu is not opened\"\n        logging.info(\"STEP 1 : Clicked PIM menu\")\n    \n        # Step 2: click Employee List from PIM page\n        pim_page = PimPage(driver)\n        pim_page.click_employee_list()\n        assert pim_page.is_employee_list_opened(), \"Employee List page did not open\"\n        logging.info(\"STEP 2 : Clicked Employee List menu\")\n    \n        # Step 3: Search for an employee\n        pim_page.search_employee(\"Charles Carter\")\n        logging.info(\"STEP 3 : Searched for employee Charles Carter\")\n>       assert pim_page.is_employee_found(\"First (& Middle) Name\", \"Charles\"), \"Employee First name Charles not found in search results\"\nE       AssertionError: Employee First name Charles not found in search results\nE       assert False\nE        +  where False = is_employee_found('First (& Middle) Name', 'Charles')\nE        +    where is_employee_found = <UIProject.pages.pim_page.PimPage object at 0x000001AA65FB1570>.is_employee_found\n\ntests\\test_search.py:28: AssertionError"}, "attachments": [{"name": "log", "source": "9854cf97-c3ea-40c7-bc88-2525deba67df-attachment.txt", "type": "text/plain"}, {"name": "stdout", "source": "921e4566-d169-4b09-90db-9292c93a49ba-attachment.txt", "type": "text/plain"}], "parameters": [{"name": "driver", "value": "'chrome'"}], "start": 1769621175225, "stop": 1769621183423, "uuid": "887cbe03-edc6-4cb9-b637-87270eac9fea", "historyId": "bd10f9d0dc96c2dd2610de023f4cb91c", "testCaseId": "8c85d9efe15df9c4e49fd61a4b206ce7", "fullName": "tests.test_search#test_search", "labels": [{"name": "parentSuite", "value": "tests"}, {"name": "suite", "value": "test_search"}, {"name": "host", "value": "LAPTOP-FMHHMO83"}, {"name": "thread", "value": "32436-MainThread"}, {"name": "framework", "value": "pytest"}, {"name": "language", "value": "cpython3"}, {"name": "package", "value": "tests.test_search"}], "titlePath": ["tests", "test_search.py"]}