{"name": "test_add_employee[chrome]", "status": "broken", "statusDetails": {"message": "selenium.common.exceptions.TimeoutException: Message: \nStacktrace:\nSymbols not available. Dumping unresolved backtrace:\n\t0x7ff7c5d7a535\n\t0x7ff7c5d7a590\n\t0x7ff7c5b210bd\n\t0x7ff7c5b7c48e\n\t0x7ff7c5b7c79c\n\t0x7ff7c5bcd3a7\n\t0x7ff7c5bc9ef5\n\t0x7ff7c5b6cc9c\n\t0x7ff7c5b6dbe3\n\t0x7ff7c6057b60\n\t0x7ff7c6051f5d\n\t0x7ff7c607311a\n\t0x7ff7c5d960a5\n\t0x7ff7c5d9e73c\n\t0x7ff7c5d83844\n\t0x7ff7c5d839f6\n\t0x7ff7c5d69a07\n\t0x7ffd0903e8d7\n\t0x7ffd0a0ec53c", "trace": "logged_in_driver = <selenium.webdriver.chrome.webdriver.WebDriver (session=\"42e3803b9a5c3c0f99c90f1c3e87a159\")>\n\n    def test_add_employee(logged_in_driver):\n        driver = logged_in_driver  # Uses BASE_USERNAME / BASE_PASSWORD by default\n        print(\"Logged in\")\n    \n        # Step 1: click PIM from menu\n        menu_page = MenuPage(driver)\n        menu_page.click_pim()\n        assert menu_page.is_pim_menu_opened(), \"PIM menu is not opened\"\n        logging.info(\"STEP 1 : Clicked PIM menu\")\n    \n        # Step 2: click Add Employee from PIM page\n        pim_page = PimPage(driver)\n        pim_page.click_add_employee(\"John\", \"Doe\")\n        logging.info(\"STEP 2 : Added employee John Doe\")\n    \n        pim_page.click_employee_list()\n        assert pim_page.is_employee_list_opened(), \"Employee List page did not open\"\n        logging.info(\"STEP 3 : Clicked Employee List menu\")\n    \n        pim_page.search_employee(\"John Doe\")\n        assert pim_page.verify_employee_in_results(\"John Doe\"), \"Employee John Doe not found in search results\"\n        logging.info(\"STEP 4 : Searched for employee John Doe\")\n    \n        # Cleanup: delete the added employee using employee_id\n        emp_ids =  pim_page.get_employee_ids_from_results()\n        employee_id = emp_ids[0] if emp_ids else None\n        if employee_id:\n>               pim_page.delete_employee_by_id(employee_id)\n\ntests\\test_add_employee.py:40: \n_ _ _ _ _ _ _ _ _ _ _ _ _ _ _ _ _ _ _ _ _ _ _ _ _ _ _ _ _ _ _ _ _ _ _ _ _ _ _ _ _ _ _ _ _ _ _ _ _ _ _ _ _ _ _ _ _ _ _ _ _ _ _ _ _ \npages\\pim_page.py:50: in delete_employee_by_id\n    self.click(row_checkbox, f\"Checkbox for employee ID {emp_id}\")\npages\\base_page.py:20: in click\n    self._handle_error(\"Click failed\", description, e)\npages\\base_page.py:16: in click\n    element = self.wait.until(EC.element_to_be_clickable(locator))\n_ _ _ _ _ _ _ _ _ _ _ _ _ _ _ _ _ _ _ _ _ _ _ _ _ _ _ _ _ _ _ _ _ _ _ _ _ _ _ _ _ _ _ _ _ _ _ _ _ _ _ _ _ _ _ _ _ _ _ _ _ _ _ _ _ \n\nself = <selenium.webdriver.support.wait.WebDriverWait (session=\"42e3803b9a5c3c0f99c90f1c3e87a159\")>\nmethod = <function element_to_be_clickable.<locals>._predicate at 0x000002B7B4A232E0>, message = ''\n\n    def until(self, method: Callable[[D], Union[Literal[False], T]], message: str = \"\") -> T:\n        \"\"\"Wait until the method returns a value that is not False.\n    \n        Calls the method provided with the driver as an argument until the\n        return value does not evaluate to ``False``.\n    \n        Parameters:\n        -----------\n        method: callable(WebDriver)\n            - A callable object that takes a WebDriver instance as an argument.\n    \n        message: str\n            - Optional message for :exc:`TimeoutException`\n    \n        Return:\n        -------\n        object: T\n            - The result of the last call to `method`\n    \n        Raises:\n        -------\n        TimeoutException\n            - If 'method' does not return a truthy value within the WebDriverWait\n            object's timeout\n    \n        Example:\n        --------\n        >>> from selenium.webdriver.common.by import By\n        >>> from selenium.webdriver.support.ui import WebDriverWait\n        >>> from selenium.webdriver.support import expected_conditions as EC\n    \n        # Wait until an element is visible on the page\n        >>> wait = WebDriverWait(driver, 10)\n        >>> element = wait.until(EC.visibility_of_element_located((By.ID, \"exampleId\")))\n        >>> print(element.text)\n        \"\"\"\n        screen = None\n        stacktrace = None\n    \n        end_time = time.monotonic() + self._timeout\n        while True:\n            try:\n                value = method(self._driver)\n                if value:\n                    return value\n            except self._ignored_exceptions as exc:\n                screen = getattr(exc, \"screen\", None)\n                stacktrace = getattr(exc, \"stacktrace\", None)\n            if time.monotonic() > end_time:\n                break\n            time.sleep(self._poll)\n>       raise TimeoutException(message, screen, stacktrace)\nE       selenium.common.exceptions.TimeoutException: Message: \nE       Stacktrace:\nE       Symbols not available. Dumping unresolved backtrace:\nE       \t0x7ff7c5d7a535\nE       \t0x7ff7c5d7a590\nE       \t0x7ff7c5b210bd\nE       \t0x7ff7c5b7c48e\nE       \t0x7ff7c5b7c79c\nE       \t0x7ff7c5bcd3a7\nE       \t0x7ff7c5bc9ef5\nE       \t0x7ff7c5b6cc9c\nE       \t0x7ff7c5b6dbe3\nE       \t0x7ff7c6057b60\nE       \t0x7ff7c6051f5d\nE       \t0x7ff7c607311a\nE       \t0x7ff7c5d960a5\nE       \t0x7ff7c5d9e73c\nE       \t0x7ff7c5d83844\nE       \t0x7ff7c5d839f6\nE       \t0x7ff7c5d69a07\nE       \t0x7ffd0903e8d7\nE       \t0x7ffd0a0ec53c\n\n..\\.venv\\lib\\site-packages\\selenium\\webdriver\\support\\wait.py:138: TimeoutException"}, "attachments": [{"name": "log", "source": "51772295-a0b6-4766-85cb-fb71e18b1818-attachment.txt", "type": "text/plain"}, {"name": "stdout", "source": "abbe6493-d685-499e-8a2f-87ed4ca015c5-attachment.txt", "type": "text/plain"}], "parameters": [{"name": "driver", "value": "'chrome'"}], "start": 1769635298772, "stop": 1769635328804, "uuid": "39236c18-75e5-448c-b42e-a70593da2e72", "historyId": "fe3c94f58c9ed8d9cb285da67ce5d0db", "testCaseId": "310529c96f359063fe1615ba6da44ecc", "fullName": "tests.test_add_employee#test_add_employee", "labels": [{"name": "parentSuite", "value": "tests"}, {"name": "suite", "value": "test_add_employee"}, {"name": "host", "value": "LAPTOP-FMHHMO83"}, {"name": "thread", "value": "3148-MainThread"}, {"name": "framework", "value": "pytest"}, {"name": "language", "value": "cpython3"}, {"name": "package", "value": "tests.test_add_employee"}], "titlePath": ["tests", "test_add_employee.py"]}