{"name": "test_edit_employee[chrome]", "status": "broken", "statusDetails": {"message": "selenium.common.exceptions.NoSuchElementException: Message: no such element: Unable to locate element: {\"method\":\"css selector\",\"selector\":\"i.oxd-icon.bi-pencil\"}\n  (Session info: chrome=144.0.7559.97); For documentation on this error, please visit: https://www.selenium.dev/documentation/webdriver/troubleshooting/errors#nosuchelementexception\nStacktrace:\nSymbols not available. Dumping unresolved backtrace:\n\t0x7ff7c743a535\n\t0x7ff7c743a590\n\t0x7ff7c71e10bd\n\t0x7ff7c723c48e\n\t0x7ff7c723c79c\n\t0x7ff7c722ea4c\n\t0x7ff7c722e8f6\n\t0x7ff7c7289ef5\n\t0x7ff7c722cc9c\n\t0x7ff7c722dbe3\n\t0x7ff7c7717b60\n\t0x7ff7c7711f5d\n\t0x7ff7c773311a\n\t0x7ff7c74560a5\n\t0x7ff7c745e73c\n\t0x7ff7c7443844\n\t0x7ff7c74439f6\n\t0x7ff7c7429a07\n\t0x7ffd0903e8d7\n\t0x7ffd0a0ec53c", "trace": "logged_in_driver = <selenium.webdriver.chrome.webdriver.WebDriver (session=\"64d2650dea495bacec49b9115acc74fc\")>\n\n    def test_edit_employee(logged_in_driver):\n        driver = logged_in_driver  # Uses BASE_USERNAME / BASE_PASSWORD by default\n        print(\"Logged in\")\n    \n        # Step 1: click PIM from menu\n        menu_page = MenuPage(driver)\n        menu_page.click_pim()\n        assert menu_page.is_pim_menu_opened(), \"PIM menu is not opened\"\n        logging.info(\"STEP 1 : Clicked PIM menu\")\n    \n        # Step 2: click Add Employee from PIM page\n        pim_page = PimPage(driver)\n        employee_id =pim_page.click_add_employee(\"John\", \"Doe\")\n        logging.info(\"STEP 2 : Added employee John Doe\")\n    \n        pim_page.click_employee_list()\n        assert pim_page.is_employee_list_opened(), \"Employee List page did not open\"\n        logging.info(\"STEP 3 : Clicked Employee List menu\")\n    \n        pim_page.search_employee(\"John Doe\")\n        assert pim_page.verify_employee_in_results(\"John Doe\"), \"Employee John Doe not found in search results\"\n        logging.info(\"STEP 4 : Searched for employee John Doe\")\n    \n        # Step 5: Edit employee details\n>       pim_page.edit_employee_details(employee_id, new_firstname=\"Jane\", new_lastname=\"Smith\")\n\ntests\\test_edit_employee.py:31: \n_ _ _ _ _ _ _ _ _ _ _ _ _ _ _ _ _ _ _ _ _ _ _ _ _ _ _ _ _ _ _ _ _ _ _ _ _ _ _ _ _ _ _ _ _ _ _ _ _ _ _ _ _ _ _ _ _ _ _ _ _ _ _ _ _ \npages\\pim_page.py:156: in edit_employee_details\n    row.find_element(By.CSS_SELECTOR, \"i.oxd-icon.bi-pencil\").click()\n..\\.venv\\lib\\site-packages\\selenium\\webdriver\\remote\\webelement.py:601: in find_element\n    return self._execute(Command.FIND_CHILD_ELEMENT, {\"using\": by, \"value\": value})[\"value\"]\n..\\.venv\\lib\\site-packages\\selenium\\webdriver\\remote\\webelement.py:572: in _execute\n    return self._parent.execute(command, params)\n..\\.venv\\lib\\site-packages\\selenium\\webdriver\\remote\\webdriver.py:458: in execute\n    self.error_handler.check_response(response)\n_ _ _ _ _ _ _ _ _ _ _ _ _ _ _ _ _ _ _ _ _ _ _ _ _ _ _ _ _ _ _ _ _ _ _ _ _ _ _ _ _ _ _ _ _ _ _ _ _ _ _ _ _ _ _ _ _ _ _ _ _ _ _ _ _ \n\nself = <selenium.webdriver.remote.errorhandler.ErrorHandler object at 0x000001F249AD2F20>\nresponse = {'status': 404, 'value': '{\"value\":{\"error\":\"no such element\",\"message\":\"no such element: Unable to locate element: {\\...ff7c745e73c\\\\n\\\\t0x7ff7c7443844\\\\n\\\\t0x7ff7c74439f6\\\\n\\\\t0x7ff7c7429a07\\\\n\\\\t0x7ffd0903e8d7\\\\n\\\\t0x7ffd0a0ec53c\\\\n\"}}'}\n\n    def check_response(self, response: dict[str, Any]) -> None:\n        \"\"\"Checks that a JSON response from the WebDriver does not have an\n        error.\n    \n        Args:\n            response: The JSON response from the WebDriver server as a dictionary\n                object.\n    \n        Raises:\n            WebDriverException: If the response contains an error message.\n        \"\"\"\n        status = response.get(\"status\", None)\n        if not status or status == ErrorCode.SUCCESS:\n            return\n        value = None\n        message = response.get(\"message\", \"\")\n        screen: str = response.get(\"screen\", \"\")\n        stacktrace = None\n        if isinstance(status, int):\n            value_json = response.get(\"value\", None)\n            if value_json and isinstance(value_json, str):\n                try:\n                    value = json.loads(value_json)\n                    if isinstance(value, dict):\n                        if len(value) == 1:\n                            value = value[\"value\"]\n                        status = value.get(\"error\", None)\n                        if not status:\n                            status = value.get(\"status\", ErrorCode.UNKNOWN_ERROR)\n                            message = value.get(\"value\") or value.get(\"message\")\n                            if not isinstance(message, str):\n                                value = message\n                                message = message.get(\"message\") if isinstance(message, dict) else None\n                        else:\n                            message = value.get(\"message\", None)\n                except ValueError:\n                    pass\n    \n        exception_class: type[WebDriverException]\n        e = ErrorCode()\n        error_codes = [item for item in dir(e) if not item.startswith(\"__\")]\n        for error_code in error_codes:\n            error_info = getattr(ErrorCode, error_code)\n            if isinstance(error_info, list) and status in error_info:\n                exception_class = getattr(ExceptionMapping, error_code, WebDriverException)\n                break\n        else:\n            exception_class = WebDriverException\n    \n        if not value:\n            value = response[\"value\"]\n        if isinstance(value, str):\n            raise exception_class(value)\n        if message == \"\" and \"message\" in value:\n            message = value[\"message\"]\n    \n        screen = None  # type: ignore[assignment]\n        if \"screen\" in value:\n            screen = value[\"screen\"]\n    \n        stacktrace = None\n        st_value = value.get(\"stackTrace\") or value.get(\"stacktrace\")\n        if st_value:\n            if isinstance(st_value, str):\n                stacktrace = st_value.split(\"\\n\")\n            else:\n                stacktrace = []\n                try:\n                    for frame in st_value:\n                        line = frame.get(\"lineNumber\", \"\")\n                        file = frame.get(\"fileName\", \"<anonymous>\")\n                        if line:\n                            file = f\"{file}:{line}\"\n                        meth = frame.get(\"methodName\", \"<anonymous>\")\n                        if \"className\" in frame:\n                            meth = f\"{frame['className']}.{meth}\"\n                        msg = \"    at %s (%s)\"\n                        msg = msg % (meth, file)\n                        stacktrace.append(msg)\n                except TypeError:\n                    pass\n        if exception_class == UnexpectedAlertPresentException:\n            alert_text = None\n            if \"data\" in value:\n                alert_text = value[\"data\"].get(\"text\")\n            elif \"alert\" in value:\n                alert_text = value[\"alert\"].get(\"text\")\n            raise exception_class(message, screen, stacktrace, alert_text)  # type: ignore[call-arg]  # mypy is not smart enough here\n>       raise exception_class(message, screen, stacktrace)\nE       selenium.common.exceptions.NoSuchElementException: Message: no such element: Unable to locate element: {\"method\":\"css selector\",\"selector\":\"i.oxd-icon.bi-pencil\"}\nE         (Session info: chrome=144.0.7559.97); For documentation on this error, please visit: https://www.selenium.dev/documentation/webdriver/troubleshooting/errors#nosuchelementexception\nE       Stacktrace:\nE       Symbols not available. Dumping unresolved backtrace:\nE       \t0x7ff7c743a535\nE       \t0x7ff7c743a590\nE       \t0x7ff7c71e10bd\nE       \t0x7ff7c723c48e\nE       \t0x7ff7c723c79c\nE       \t0x7ff7c722ea4c\nE       \t0x7ff7c722e8f6\nE       \t0x7ff7c7289ef5\nE       \t0x7ff7c722cc9c\nE       \t0x7ff7c722dbe3\nE       \t0x7ff7c7717b60\nE       \t0x7ff7c7711f5d\nE       \t0x7ff7c773311a\nE       \t0x7ff7c74560a5\nE       \t0x7ff7c745e73c\nE       \t0x7ff7c7443844\nE       \t0x7ff7c74439f6\nE       \t0x7ff7c7429a07\nE       \t0x7ffd0903e8d7\nE       \t0x7ffd0a0ec53c\n\n..\\.venv\\lib\\site-packages\\selenium\\webdriver\\remote\\errorhandler.py:233: NoSuchElementException"}, "attachments": [{"name": "log", "source": "68c93ed3-6800-4bd0-9971-b31c24f3e389-attachment.txt", "type": "text/plain"}, {"name": "stdout", "source": "294effda-fe15-49a3-80ba-2c83ed0bf09f-attachment.txt", "type": "text/plain"}], "parameters": [{"name": "driver", "value": "'chrome'"}], "start": 1769707044974, "stop": 1769707069218, "uuid": "d57175b0-89d4-47a4-8952-c8a4c0ac94a6", "historyId": "0e95dc9dcf44b3faafbc54ed9fe0f849", "testCaseId": "ea5bfeb5d1fbd6cc56a1231a26e6954d", "fullName": "tests.test_edit_employee#test_edit_employee", "labels": [{"name": "parentSuite", "value": "tests"}, {"name": "suite", "value": "test_edit_employee"}, {"name": "host", "value": "LAPTOP-FMHHMO83"}, {"name": "thread", "value": "22380-MainThread"}, {"name": "framework", "value": "pytest"}, {"name": "language", "value": "cpython3"}, {"name": "package", "value": "tests.test_edit_employee"}], "titlePath": ["tests", "test_edit_employee.py"]}