{"name": "test_search[chrome]", "status": "failed", "statusDetails": {"message": "AssertionError: Employee Charles Carter not found in search results\nassert False\n +  where False = is_employee_found('Name', 'Charles Carter')\n +    where is_employee_found = <UIProject.pages.pim_page.PimPage object at 0x0000028739C1EC80>.is_employee_found", "trace": "logged_in_driver = <selenium.webdriver.chrome.webdriver.WebDriver (session=\"0ad941a88a35a6ccf9350da93702d796\")>\n\n    def test_search(logged_in_driver):\n        driver = logged_in_driver  # Uses BASE_USERNAME / BASE_PASSWORD by default\n        print(\"Logged in\")\n    \n        # Step 1: click PIM from menu\n        menu_page = MenuPage(driver)\n        menu_page.click_pim()\n        assert menu_page.is_pim_menu_opened(), \"PIM menu is not opened\"\n        logging.info(\"STEP 1 : Clicked PIM menu\")\n    \n        # Step 2: click Employee List from PIM page\n        pim_page = PimPage(driver)\n        pim_page.click_employee_list()\n        assert pim_page.is_employee_list_opened(), \"Employee List page did not open\"\n        logging.info(\"STEP 2 : Clicked Employee List menu\")\n    \n        # Step 3: Search for an employee\n        pim_page.search_employee(\"Charles Carter\")\n        logging.info(\"STEP 3 : Searched for employee Charles Carter\")\n>       assert pim_page.is_employee_found(\"Name\", \"Charles Carter\"), \"Employee Charles Carter not found in search results\"\nE       AssertionError: Employee Charles Carter not found in search results\nE       assert False\nE        +  where False = is_employee_found('Name', 'Charles Carter')\nE        +    where is_employee_found = <UIProject.pages.pim_page.PimPage object at 0x0000028739C1EC80>.is_employee_found\n\ntests\\test_search.py:28: AssertionError"}, "attachments": [{"name": "log", "source": "2525e5e5-0c81-409e-8016-18bf597e2308-attachment.txt", "type": "text/plain"}, {"name": "stdout", "source": "8fd911bd-0d1d-44d4-b6d0-816d7ba5b56e-attachment.txt", "type": "text/plain"}], "parameters": [{"name": "driver", "value": "'chrome'"}], "start": 1769620890117, "stop": 1769620894406, "uuid": "d469749f-e537-4239-81cb-94b5692ba252", "historyId": "bd10f9d0dc96c2dd2610de023f4cb91c", "testCaseId": "8c85d9efe15df9c4e49fd61a4b206ce7", "fullName": "tests.test_search#test_search", "labels": [{"name": "parentSuite", "value": "tests"}, {"name": "suite", "value": "test_search"}, {"name": "host", "value": "LAPTOP-FMHHMO83"}, {"name": "thread", "value": "14304-MainThread"}, {"name": "framework", "value": "pytest"}, {"name": "language", "value": "cpython3"}, {"name": "package", "value": "tests.test_search"}], "titlePath": ["tests", "test_search.py"]}