{"name": "test_search[chrome]", "status": "broken", "statusDetails": {"message": "selenium.common.exceptions.TimeoutException: Message: \nStacktrace:\nSymbols not available. Dumping unresolved backtrace:\n\t0x7ff6fe2688d5\n\t0x7ff6fe268930\n\t0x7ff6fe04165d\n\t0x7ff6fe099a33\n\t0x7ff6fe099d3c\n\t0x7ff6fe0edf67\n\t0x7ff6fe0eac97\n\t0x7ff6fe08ac29\n\t0x7ff6fe08ba93\n\t0x7ff6fe580620\n\t0x7ff6fe57af60\n\t0x7ff6fe5996c6\n\t0x7ff6fe285dd4\n\t0x7ff6fe28ed7c\n\t0x7ff6fe271ff4\n\t0x7ff6fe2721a5\n\t0x7ff6fe257ed2\n\t0x7ff98d0ee8d7\n\t0x7ff98db0c53c", "trace": "request = <SubRequest 'login' for <Function test_search[chrome]>>\ndriver = <selenium.webdriver.chrome.webdriver.WebDriver (session=\"cc274d39f27f9a336c8969603f7ff49a\")>\n\n    @pytest.fixture\n    def login(request, driver ):\n        \"\"\"\n        Log in before each test function.\n        Uses parametrize values from the test if provided.\n        Otherwise falls back to BASE_USERNAME and BASE_PASSWORD.\n        \"\"\"\n        username = request.param[\"username\"] if hasattr(request, \"param\") else BASE_USERNAME\n        password = request.param[\"password\"] if hasattr(request, \"param\") else BASE_PASSWORD\n        print(\"Logging in with \", username, password)\n    \n        driver.get(BASE_URL)\n        driver.maximize_window()\n        timeout = 10\n        # Wait until username field is visible\n        WebDriverWait(driver, timeout).until(\n            EC.visibility_of_element_located((By.CSS_SELECTOR, \"input[name='username']\"))\n        )\n        driver.find_element(By.CSS_SELECTOR, \"input[name='username']\").send_keys(username)\n        driver.find_element(By.CSS_SELECTOR, \"input[name='password']\").send_keys(password)\n        WebDriverWait(driver,5).until(\n            EC.element_to_be_clickable((By.CSS_SELECTOR, \"button.orangehrm-login-button\"))\n        )\n        driver.find_element(By.CSS_SELECTOR, \"button.orangehrm-login-button\").click()\n    \n    \n        # Verify main page loaded\n>       WebDriverWait(driver, 5).until(\n            EC.visibility_of_element_located((By.CLASS_NAME, \"oxd-userdropdown-name\"))\n        )\n\nconftest.py:67: \n_ _ _ _ _ _ _ _ _ _ _ _ _ _ _ _ _ _ _ _ _ _ _ _ _ _ _ _ _ _ _ _ _ _ _ _ _ _ _ _ _ _ _ _ _ _ _ _ _ _ _ _ _ _ _ _ _ _ _\n\nself = <selenium.webdriver.support.wait.WebDriverWait (session=\"cc274d39f27f9a336c8969603f7ff49a\")>\nmethod = <function visibility_of_element_located.<locals>._predicate at 0x0000021D655D0A60>, message = ''\n\n    def until(self, method: Callable[[D], Union[Literal[False], T]], message: str = \"\") -> T:\n        \"\"\"Wait until the method returns a value that is not False.\n    \n        Calls the method provided with the driver as an argument until the\n        return value does not evaluate to ``False``.\n    \n        Parameters:\n        -----------\n        method: callable(WebDriver)\n            - A callable object that takes a WebDriver instance as an argument.\n    \n        message: str\n            - Optional message for :exc:`TimeoutException`\n    \n        Return:\n        -------\n        object: T\n            - The result of the last call to `method`\n    \n        Raises:\n        -------\n        TimeoutException\n            - If 'method' does not return a truthy value within the WebDriverWait\n            object's timeout\n    \n        Example:\n        --------\n        >>> from selenium.webdriver.common.by import By\n        >>> from selenium.webdriver.support.ui import WebDriverWait\n        >>> from selenium.webdriver.support import expected_conditions as EC\n    \n        # Wait until an element is visible on the page\n        >>> wait = WebDriverWait(driver, 10)\n        >>> element = wait.until(EC.visibility_of_element_located((By.ID, \"exampleId\")))\n        >>> print(element.text)\n        \"\"\"\n        screen = None\n        stacktrace = None\n    \n        end_time = time.monotonic() + self._timeout\n        while True:\n            try:\n                value = method(self._driver)\n                if value:\n                    return value\n            except self._ignored_exceptions as exc:\n                screen = getattr(exc, \"screen\", None)\n                stacktrace = getattr(exc, \"stacktrace\", None)\n            if time.monotonic() > end_time:\n                break\n            time.sleep(self._poll)\n>       raise TimeoutException(message, screen, stacktrace)\nE       selenium.common.exceptions.TimeoutException: Message: \nE       Stacktrace:\nE       Symbols not available. Dumping unresolved backtrace:\nE       \t0x7ff6fe2688d5\nE       \t0x7ff6fe268930\nE       \t0x7ff6fe04165d\nE       \t0x7ff6fe099a33\nE       \t0x7ff6fe099d3c\nE       \t0x7ff6fe0edf67\nE       \t0x7ff6fe0eac97\nE       \t0x7ff6fe08ac29\nE       \t0x7ff6fe08ba93\nE       \t0x7ff6fe580620\nE       \t0x7ff6fe57af60\nE       \t0x7ff6fe5996c6\nE       \t0x7ff6fe285dd4\nE       \t0x7ff6fe28ed7c\nE       \t0x7ff6fe271ff4\nE       \t0x7ff6fe2721a5\nE       \t0x7ff6fe257ed2\nE       \t0x7ff98d0ee8d7\nE       \t0x7ff98db0c53c\n\n..\\.venv\\lib\\site-packages\\selenium\\webdriver\\support\\wait.py:138: TimeoutException"}, "attachments": [{"name": "log", "source": "d3ccaeb0-3e99-41ba-b022-c121c5ad6032-attachment.txt", "type": "text/plain"}, {"name": "stdout", "source": "6c8ccf1b-6838-4f2a-bc60-99774decced4-attachment.txt", "type": "text/plain"}], "parameters": [{"name": "driver", "value": "'chrome'"}], "start": 1768591178386, "stop": 1768591178386, "uuid": "8931a01f-b231-4a3d-bc55-ab5f963d322e", "historyId": "bd10f9d0dc96c2dd2610de023f4cb91c", "testCaseId": "8c85d9efe15df9c4e49fd61a4b206ce7", "fullName": "tests.test_search#test_search", "labels": [{"name": "parentSuite", "value": "tests"}, {"name": "suite", "value": "test_search"}, {"name": "host", "value": "LAPTOP-FMHHMO83"}, {"name": "thread", "value": "14824-MainThread"}, {"name": "framework", "value": "pytest"}, {"name": "language", "value": "cpython3"}, {"name": "package", "value": "tests.test_search"}], "titlePath": ["tests", "test_search.py"]}