{"name": "test_add_employee[chrome]", "status": "broken", "statusDetails": {"message": "selenium.common.exceptions.TimeoutException: Message: \nStacktrace:\nSymbols not available. Dumping unresolved backtrace:\n\t0x7ff70fb488d5\n\t0x7ff70fb48930\n\t0x7ff70f92165d\n\t0x7ff70f979a33\n\t0x7ff70f979d3c\n\t0x7ff70f9cdf67\n\t0x7ff70f9cac97\n\t0x7ff70f96ac29\n\t0x7ff70f96ba93\n\t0x7ff70fe60620\n\t0x7ff70fe5af60\n\t0x7ff70fe796c6\n\t0x7ff70fb65dd4\n\t0x7ff70fb6ed7c\n\t0x7ff70fb51ff4\n\t0x7ff70fb521a5\n\t0x7ff70fb37ed2\n\t0x7ffd0903e8d7\n\t0x7ffd0a0ec53c", "trace": "logged_in_driver = <selenium.webdriver.chrome.webdriver.WebDriver (session=\"5c5ec74dcf24f7397eac693360bc87f3\")>\n\n    def test_add_employee(logged_in_driver):\n        driver = logged_in_driver  # Uses BASE_USERNAME / BASE_PASSWORD by default\n        print(\"Logged in\")\n    \n        # Step 1: click PIM from menu\n        menu_page = MenuPage(driver)\n        menu_page.click_pim()\n        logging.info(\"STEP 1 : Clicked PIM menu\")\n    \n        # Step 2: click Add Employee from PIM page\n        pim_page = PimPage(driver)\n        pim_page.click_add_employee(\"John\", \"Doe\")\n        logging.info(\"STEP 2 : Added employee John Doe\")\n    \n    \n        # Step 3: Search for an employee\n    \n        # Locate the Employee ID input field\n        # Wait for the Employee ID input to appear AND have a non-empty value\n        try:\n>           employee_id_input = WebDriverWait(driver, 30).until(\n                lambda d: d.find_element(By.XPATH, \"//label[text()='Employee Id']/following-sibling::div/input\")\n            )\n\ntests\\test_add_employee.py:33: \n_ _ _ _ _ _ _ _ _ _ _ _ _ _ _ _ _ _ _ _ _ _ _ _ _ _ _ _ _ _ _ _ _ _ _ _ _ _ _ _ _ _ _ _ _ _ _ _ _ _ _ _ _ _ _ _ _ _ _\n\nself = <selenium.webdriver.support.wait.WebDriverWait (session=\"5c5ec74dcf24f7397eac693360bc87f3\")>\nmethod = <function test_add_employee.<locals>.<lambda> at 0x000001F353732B90>, message = ''\n\n    def until(self, method: Callable[[D], Union[Literal[False], T]], message: str = \"\") -> T:\n        \"\"\"Wait until the method returns a value that is not False.\n    \n        Calls the method provided with the driver as an argument until the\n        return value does not evaluate to ``False``.\n    \n        Parameters:\n        -----------\n        method: callable(WebDriver)\n            - A callable object that takes a WebDriver instance as an argument.\n    \n        message: str\n            - Optional message for :exc:`TimeoutException`\n    \n        Return:\n        -------\n        object: T\n            - The result of the last call to `method`\n    \n        Raises:\n        -------\n        TimeoutException\n            - If 'method' does not return a truthy value within the WebDriverWait\n            object's timeout\n    \n        Example:\n        --------\n        >>> from selenium.webdriver.common.by import By\n        >>> from selenium.webdriver.support.ui import WebDriverWait\n        >>> from selenium.webdriver.support import expected_conditions as EC\n    \n        # Wait until an element is visible on the page\n        >>> wait = WebDriverWait(driver, 10)\n        >>> element = wait.until(EC.visibility_of_element_located((By.ID, \"exampleId\")))\n        >>> print(element.text)\n        \"\"\"\n        screen = None\n        stacktrace = None\n    \n        end_time = time.monotonic() + self._timeout\n        while True:\n            try:\n                value = method(self._driver)\n                if value:\n                    return value\n            except self._ignored_exceptions as exc:\n                screen = getattr(exc, \"screen\", None)\n                stacktrace = getattr(exc, \"stacktrace\", None)\n            if time.monotonic() > end_time:\n                break\n            time.sleep(self._poll)\n>       raise TimeoutException(message, screen, stacktrace)\nE       selenium.common.exceptions.TimeoutException: Message: \nE       Stacktrace:\nE       Symbols not available. Dumping unresolved backtrace:\nE       \t0x7ff70fb488d5\nE       \t0x7ff70fb48930\nE       \t0x7ff70f92165d\nE       \t0x7ff70f979a33\nE       \t0x7ff70f979d3c\nE       \t0x7ff70f9cdf67\nE       \t0x7ff70f9cac97\nE       \t0x7ff70f96ac29\nE       \t0x7ff70f96ba93\nE       \t0x7ff70fe60620\nE       \t0x7ff70fe5af60\nE       \t0x7ff70fe796c6\nE       \t0x7ff70fb65dd4\nE       \t0x7ff70fb6ed7c\nE       \t0x7ff70fb51ff4\nE       \t0x7ff70fb521a5\nE       \t0x7ff70fb37ed2\nE       \t0x7ffd0903e8d7\nE       \t0x7ffd0a0ec53c\n\n..\\.venv\\lib\\site-packages\\selenium\\webdriver\\support\\wait.py:138: TimeoutException"}, "attachments": [{"name": "log", "source": "94e95c85-0266-40a4-83fd-72a456eca720-attachment.txt", "type": "text/plain"}, {"name": "stdout", "source": "fd6f99a1-486d-46d0-966d-e69baad731ea-attachment.txt", "type": "text/plain"}], "parameters": [{"name": "driver", "value": "'chrome'"}], "start": 1768937038689, "stop": 1768937075909, "uuid": "93cda1a3-4512-4b05-bec1-70465f48a620", "historyId": "fe3c94f58c9ed8d9cb285da67ce5d0db", "testCaseId": "310529c96f359063fe1615ba6da44ecc", "fullName": "tests.test_add_employee#test_add_employee", "labels": [{"name": "parentSuite", "value": "tests"}, {"name": "suite", "value": "test_add_employee"}, {"name": "host", "value": "LAPTOP-FMHHMO83"}, {"name": "thread", "value": "28020-MainThread"}, {"name": "framework", "value": "pytest"}, {"name": "language", "value": "cpython3"}, {"name": "package", "value": "tests.test_add_employee"}], "titlePath": ["tests", "test_add_employee.py"]}