{"name": "test_search[chrome]", "status": "broken", "statusDetails": {"message": "selenium.common.exceptions.TimeoutException: Message: \nStacktrace:\nSymbols not available. Dumping unresolved backtrace:\n\t0x7ff6f5fda535\n\t0x7ff6f5fda590\n\t0x7ff6f5d810bd\n\t0x7ff6f5ddc48e\n\t0x7ff6f5ddc79c\n\t0x7ff6f5e2d3a7\n\t0x7ff6f5e29ef5\n\t0x7ff6f5dccc9c\n\t0x7ff6f5dcdbe3\n\t0x7ff6f62b7b60\n\t0x7ff6f62b1f5d\n\t0x7ff6f62d311a\n\t0x7ff6f5ff60a5\n\t0x7ff6f5ffe73c\n\t0x7ff6f5fe3844\n\t0x7ff6f5fe39f6\n\t0x7ff6f5fc9a07\n\t0x7ffd0903e8d7\n\t0x7ffd0a0ec53c", "trace": "logged_in_driver = <selenium.webdriver.chrome.webdriver.WebDriver (session=\"e38915c04bc72d544e35f3bf7512c14b\")>\n\n    def test_search(logged_in_driver):\n        driver = logged_in_driver  # Uses BASE_USERNAME / BASE_PASSWORD by default\n        print(\"Logged in\")\n    \n        # Step 1: click PIM from menu\n        menu_page = MenuPage(driver)\n>       menu_page.click_pim()\n\ntests\\test_search.py:15: \n_ _ _ _ _ _ _ _ _ _ _ _ _ _ _ _ _ _ _ _ _ _ _ _ _ _ _ _ _ _ _ _ _ _ _ _ _ _ _ _ _ _ _ _ _ _ _ _ _ _ _ _ _ _ _ _ _ _ _\npages\\menu_page.py:22: in click_pim\n    self.click(self.PIM_MENU, \"PIM menu\")\npages\\base_page.py:19: in click\n    self._handle_error(\"Click failed\", description, e)\npages\\base_page.py:15: in click\n    element = self.wait.until(EC.element_to_be_clickable(locator))\n_ _ _ _ _ _ _ _ _ _ _ _ _ _ _ _ _ _ _ _ _ _ _ _ _ _ _ _ _ _ _ _ _ _ _ _ _ _ _ _ _ _ _ _ _ _ _ _ _ _ _ _ _ _ _ _ _ _ _\n\nself = <selenium.webdriver.support.wait.WebDriverWait (session=\"e38915c04bc72d544e35f3bf7512c14b\")>\nmethod = <function element_to_be_clickable.<locals>._predicate at 0x000001D637154C10>, message = ''\n\n    def until(self, method: Callable[[D], Union[Literal[False], T]], message: str = \"\") -> T:\n        \"\"\"Wait until the method returns a value that is not False.\n    \n        Calls the method provided with the driver as an argument until the\n        return value does not evaluate to ``False``.\n    \n        Parameters:\n        -----------\n        method: callable(WebDriver)\n            - A callable object that takes a WebDriver instance as an argument.\n    \n        message: str\n            - Optional message for :exc:`TimeoutException`\n    \n        Return:\n        -------\n        object: T\n            - The result of the last call to `method`\n    \n        Raises:\n        -------\n        TimeoutException\n            - If 'method' does not return a truthy value within the WebDriverWait\n            object's timeout\n    \n        Example:\n        --------\n        >>> from selenium.webdriver.common.by import By\n        >>> from selenium.webdriver.support.ui import WebDriverWait\n        >>> from selenium.webdriver.support import expected_conditions as EC\n    \n        # Wait until an element is visible on the page\n        >>> wait = WebDriverWait(driver, 10)\n        >>> element = wait.until(EC.visibility_of_element_located((By.ID, \"exampleId\")))\n        >>> print(element.text)\n        \"\"\"\n        screen = None\n        stacktrace = None\n    \n        end_time = time.monotonic() + self._timeout\n        while True:\n            try:\n                value = method(self._driver)\n                if value:\n                    return value\n            except self._ignored_exceptions as exc:\n                screen = getattr(exc, \"screen\", None)\n                stacktrace = getattr(exc, \"stacktrace\", None)\n            if time.monotonic() > end_time:\n                break\n            time.sleep(self._poll)\n>       raise TimeoutException(message, screen, stacktrace)\nE       selenium.common.exceptions.TimeoutException: Message: \nE       Stacktrace:\nE       Symbols not available. Dumping unresolved backtrace:\nE       \t0x7ff6f5fda535\nE       \t0x7ff6f5fda590\nE       \t0x7ff6f5d810bd\nE       \t0x7ff6f5ddc48e\nE       \t0x7ff6f5ddc79c\nE       \t0x7ff6f5e2d3a7\nE       \t0x7ff6f5e29ef5\nE       \t0x7ff6f5dccc9c\nE       \t0x7ff6f5dcdbe3\nE       \t0x7ff6f62b7b60\nE       \t0x7ff6f62b1f5d\nE       \t0x7ff6f62d311a\nE       \t0x7ff6f5ff60a5\nE       \t0x7ff6f5ffe73c\nE       \t0x7ff6f5fe3844\nE       \t0x7ff6f5fe39f6\nE       \t0x7ff6f5fc9a07\nE       \t0x7ffd0903e8d7\nE       \t0x7ffd0a0ec53c\n\n..\\.venv\\lib\\site-packages\\selenium\\webdriver\\support\\wait.py:138: TimeoutException"}, "attachments": [{"name": "log", "source": "974cd714-edb9-4b8a-8e7f-332e0f2787a5-attachment.txt", "type": "text/plain"}, {"name": "stdout", "source": "5f53a8be-75f0-46ca-aa20-4faaffbac6fa-attachment.txt", "type": "text/plain"}], "parameters": [{"name": "driver", "value": "'chrome'"}], "start": 1769616529196, "stop": 1769616539725, "uuid": "6c3f4a45-7549-4844-b8ae-97e72a1437b8", "historyId": "bd10f9d0dc96c2dd2610de023f4cb91c", "testCaseId": "8c85d9efe15df9c4e49fd61a4b206ce7", "fullName": "tests.test_search#test_search", "labels": [{"name": "parentSuite", "value": "tests"}, {"name": "suite", "value": "test_search"}, {"name": "host", "value": "LAPTOP-FMHHMO83"}, {"name": "thread", "value": "8364-MainThread"}, {"name": "framework", "value": "pytest"}, {"name": "language", "value": "cpython3"}, {"name": "package", "value": "tests.test_search"}], "titlePath": ["tests", "test_search.py"]}