{"name": "test_add_employee[chrome]", "status": "failed", "statusDetails": {"message": "AssertionError: Employee name does not match\nassert '' == 'John Doe'\n  \n  \u001b[0m\u001b[91m- John Doe\u001b[39;49;00m\u001b[90m\u001b[39;49;00m", "trace": "logged_in_driver = <selenium.webdriver.chrome.webdriver.WebDriver (session=\"7701b21e0f5ce8687110908484f3ece7\")>\n\n    def test_add_employee(logged_in_driver):\n        driver = logged_in_driver  # Uses BASE_USERNAME / BASE_PASSWORD by default\n        print(\"Logged in\")\n    \n        # Step 1: click PIM from menu\n        menu_page = MenuPage(driver)\n        menu_page.click_pim()\n        logging.info(\"STEP 1 : Clicked PIM menu\")\n    \n        # Step 2: click Add Employee from PIM page\n        pim_page = PimPage(driver)\n        pim_page.click_add_employee(\"John\", \"Doe\")\n        logging.info(\"STEP 2 : Added employee John Doe\")\n    \n        '''\n        # Step 3: Search for an employee\n        pim_page.search_employee(\"John Doe\")\n    \n        logging.info(\"STEP 3 : Searched for employee John Doe\")\n        '''\n        # Step 4: Verify search results\n    \n        employee_element = WebDriverWait(driver, 20).until(\n         EC.visibility_of_element_located((By.CSS_SELECTOR, \"div.orangehrm-edit-employee-name h6\"))\n        )\n        #BasePage(driver).find_elements(By.XPATH, \"//a[span[text()='My Info']]\").click()\n        #employee_name_element = driver.find_element(By.XPATH, \"//div[@class='orangehrm-edit-employee-name']/h6\")\n>       assert employee_element.text == \"John Doe\", \"Employee name does not match\"\nE       AssertionError: Employee name does not match\nE       assert '' == 'John Doe'\nE         \nE         \u001b[0m\u001b[91m- John Doe\u001b[39;49;00m\u001b[90m\u001b[39;49;00m\n\ntests\\test_add_employee.py:38: AssertionError"}, "attachments": [{"name": "log", "source": "4dda312f-6172-4314-a4af-8467bf07af35-attachment.txt", "type": "text/plain"}, {"name": "stdout", "source": "4031e31e-6356-4172-8ec2-660117477e4d-attachment.txt", "type": "text/plain"}], "parameters": [{"name": "driver", "value": "'chrome'"}], "start": 1768932823080, "stop": 1768932836228, "uuid": "009b46f2-72f9-400a-9965-2cd6d1e4daec", "historyId": "fe3c94f58c9ed8d9cb285da67ce5d0db", "testCaseId": "310529c96f359063fe1615ba6da44ecc", "fullName": "tests.test_add_employee#test_add_employee", "labels": [{"name": "parentSuite", "value": "tests"}, {"name": "suite", "value": "test_add_employee"}, {"name": "host", "value": "LAPTOP-FMHHMO83"}, {"name": "thread", "value": "4300-MainThread"}, {"name": "framework", "value": "pytest"}, {"name": "language", "value": "cpython3"}, {"name": "package", "value": "tests.test_add_employee"}], "titlePath": ["tests", "test_add_employee.py"]}