{"name": "test_edit_employee[chrome]", "status": "broken", "statusDetails": {"message": "selenium.common.exceptions.TimeoutException: Message: \nStacktrace:\nSymbols not available. Dumping unresolved backtrace:\n\t0x7ff79087a535\n\t0x7ff79087a590\n\t0x7ff7906210bd\n\t0x7ff79067c48e\n\t0x7ff79067c79c\n\t0x7ff7906cd3a7\n\t0x7ff7906c9ef5\n\t0x7ff79066cc9c\n\t0x7ff79066dbe3\n\t0x7ff790b57b60\n\t0x7ff790b51f5d\n\t0x7ff790b7311a\n\t0x7ff7908960a5\n\t0x7ff79089e73c\n\t0x7ff790883844\n\t0x7ff7908839f6\n\t0x7ff790869a07\n\t0x7ffd0903e8d7\n\t0x7ffd0a0ec53c", "trace": "logged_in_driver = <selenium.webdriver.chrome.webdriver.WebDriver (session=\"6653d5b9fdee44f2beffc6bb423c45bc\")>\n\n    def test_edit_employee(logged_in_driver):\n        driver = logged_in_driver  # Uses BASE_USERNAME / BASE_PASSWORD by default\n        print(\"Logged in\")\n    \n        # Step 1: click PIM from menu\n        menu_page = MenuPage(driver)\n>       menu_page.click_pim()\n\ntests\\test_edit_employee.py:13: \n_ _ _ _ _ _ _ _ _ _ _ _ _ _ _ _ _ _ _ _ _ _ _ _ _ _ _ _ _ _ _ _ _ _ _ _ _ _ _ _ _ _ _ _ _ _ _ _ _ _ _ _ _ _ _ _ _ _ _ _ _ _ _ _ _ \npages\\menu_page.py:22: in click_pim\n    self.click(self.PIM_MENU, \"PIM menu\")\npages\\base_page.py:20: in click\n    self._handle_error(\"Click failed\", description, e)\npages\\base_page.py:16: in click\n    element = self.wait.until(EC.element_to_be_clickable(locator))\n_ _ _ _ _ _ _ _ _ _ _ _ _ _ _ _ _ _ _ _ _ _ _ _ _ _ _ _ _ _ _ _ _ _ _ _ _ _ _ _ _ _ _ _ _ _ _ _ _ _ _ _ _ _ _ _ _ _ _ _ _ _ _ _ _ \n\nself = <selenium.webdriver.support.wait.WebDriverWait (session=\"6653d5b9fdee44f2beffc6bb423c45bc\")>\nmethod = <function element_to_be_clickable.<locals>._predicate at 0x000001E813604D30>, message = ''\n\n    def until(self, method: Callable[[D], Union[Literal[False], T]], message: str = \"\") -> T:\n        \"\"\"Wait until the method returns a value that is not False.\n    \n        Calls the method provided with the driver as an argument until the\n        return value does not evaluate to ``False``.\n    \n        Parameters:\n        -----------\n        method: callable(WebDriver)\n            - A callable object that takes a WebDriver instance as an argument.\n    \n        message: str\n            - Optional message for :exc:`TimeoutException`\n    \n        Return:\n        -------\n        object: T\n            - The result of the last call to `method`\n    \n        Raises:\n        -------\n        TimeoutException\n            - If 'method' does not return a truthy value within the WebDriverWait\n            object's timeout\n    \n        Example:\n        --------\n        >>> from selenium.webdriver.common.by import By\n        >>> from selenium.webdriver.support.ui import WebDriverWait\n        >>> from selenium.webdriver.support import expected_conditions as EC\n    \n        # Wait until an element is visible on the page\n        >>> wait = WebDriverWait(driver, 10)\n        >>> element = wait.until(EC.visibility_of_element_located((By.ID, \"exampleId\")))\n        >>> print(element.text)\n        \"\"\"\n        screen = None\n        stacktrace = None\n    \n        end_time = time.monotonic() + self._timeout\n        while True:\n            try:\n                value = method(self._driver)\n                if value:\n                    return value\n            except self._ignored_exceptions as exc:\n                screen = getattr(exc, \"screen\", None)\n                stacktrace = getattr(exc, \"stacktrace\", None)\n            if time.monotonic() > end_time:\n                break\n            time.sleep(self._poll)\n>       raise TimeoutException(message, screen, stacktrace)\nE       selenium.common.exceptions.TimeoutException: Message: \nE       Stacktrace:\nE       Symbols not available. Dumping unresolved backtrace:\nE       \t0x7ff79087a535\nE       \t0x7ff79087a590\nE       \t0x7ff7906210bd\nE       \t0x7ff79067c48e\nE       \t0x7ff79067c79c\nE       \t0x7ff7906cd3a7\nE       \t0x7ff7906c9ef5\nE       \t0x7ff79066cc9c\nE       \t0x7ff79066dbe3\nE       \t0x7ff790b57b60\nE       \t0x7ff790b51f5d\nE       \t0x7ff790b7311a\nE       \t0x7ff7908960a5\nE       \t0x7ff79089e73c\nE       \t0x7ff790883844\nE       \t0x7ff7908839f6\nE       \t0x7ff790869a07\nE       \t0x7ffd0903e8d7\nE       \t0x7ffd0a0ec53c\n\n..\\.venv\\lib\\site-packages\\selenium\\webdriver\\support\\wait.py:138: TimeoutException"}, "attachments": [{"name": "log", "source": "72639d0b-ca82-4d7c-ac0d-b8c0f278b9a4-attachment.txt", "type": "text/plain"}, {"name": "stdout", "source": "9e8f79ec-1f26-4890-a4ab-9a490d4ab1bf-attachment.txt", "type": "text/plain"}], "parameters": [{"name": "driver", "value": "'chrome'"}], "start": 1769711419528, "stop": 1769711430299, "uuid": "6b80550a-ac1b-4042-83a4-58980a75094b", "historyId": "0e95dc9dcf44b3faafbc54ed9fe0f849", "testCaseId": "ea5bfeb5d1fbd6cc56a1231a26e6954d", "fullName": "tests.test_edit_employee#test_edit_employee", "labels": [{"name": "parentSuite", "value": "tests"}, {"name": "suite", "value": "test_edit_employee"}, {"name": "host", "value": "LAPTOP-FMHHMO83"}, {"name": "thread", "value": "13396-MainThread"}, {"name": "framework", "value": "pytest"}, {"name": "language", "value": "cpython3"}, {"name": "package", "value": "tests.test_edit_employee"}], "titlePath": ["tests", "test_edit_employee.py"]}