{"name": "test_search[chrome]", "status": "broken", "statusDetails": {"message": "selenium.common.exceptions.TimeoutException: Message: \nStacktrace:\nSymbols not available. Dumping unresolved backtrace:\n\t0x7ff7c13888d5\n\t0x7ff7c1388930\n\t0x7ff7c116165d\n\t0x7ff7c11b9a33\n\t0x7ff7c11b9d3c\n\t0x7ff7c120df67\n\t0x7ff7c120ac97\n\t0x7ff7c11aac29\n\t0x7ff7c11aba93\n\t0x7ff7c16a0620\n\t0x7ff7c169af60\n\t0x7ff7c16b96c6\n\t0x7ff7c13a5dd4\n\t0x7ff7c13aed7c\n\t0x7ff7c1391ff4\n\t0x7ff7c13921a5\n\t0x7ff7c1377ed2\n\t0x7ff98d0ee8d7\n\t0x7ff98db0c53c", "trace": "logged_in_driver = <selenium.webdriver.chrome.webdriver.WebDriver (session=\"0570d00b3a420a9c256c051412c89314\")>\n\n    def test_search(logged_in_driver):\n        driver = logged_in_driver  # Uses BASE_USERNAME / BASE_PASSWORD by default\n        print(\"Logged in\")\n    \n        # Step 1: click PIM from menu\n        menu_page = MenuPage(driver)\n        menu_page.click_pim()\n        logging.info(\"STEP 1 : Clicked PIM menu\")\n    \n        '''\n         # Navigate to PIM -> Employee List\n        try:\n            pim_menu = WebDriverWait(driver, 10).until(\n                EC.element_to_be_clickable((By.XPATH, \"//a[span[text()='PIM']]\"))\n            )\n            pim_menu.click()\n            #driver.execute_script(\"arguments[0].click();\", pim_menu)\n            logging.info(\"Navigated to PIM section\")\n        except TimeoutException:\n            logging.error(\"PIM menu not found or not clickable\")\n            raise\n        except Exception as e:\n            logging.error(f\"An error occurred while navigating to PIM: {e}\")\n            raise\n    \n    \n        employee_link = WebDriverWait(driver, 10).until(\n            EC.element_to_be_clickable((By.LINK_TEXT, \"Employee List\"))\n        )\n        employee_link.click()\n    \n        logging.info(\"Navigated to Employee List\")\n        # Search for an employee\n        inputs = driver.find_elements(By.CSS_SELECTOR, \"input[placeholder='Type for hints...']\")\n        employee_input = inputs[0]\n        #supervisor_input = inputs[1]\n        employee_input.send_keys(\"Charles Carter\")\n        search_btn = driver.find_element(\n            By.XPATH, \"//button[normalize-space()='Search']\"\n        )\n        search_btn.click()\n        # Verify search results\n        WebDriverWait(driver, 10).until(\n            EC.visibility_of_element_located((By.XPATH, \"//div[normalize-space()='Charles']\"))\n        )\n        '''\n        # Step 2: click Employee List from PIM page\n        pim_page = PimPage(driver)\n        pim_page.click_employee_list()\n        logging.info(\"STEP 2 : Clicked Employee List menu\")\n    \n        # Step 3: Search for an employee\n>       pim_page.search_employee(\"Charles Carter\")\n\ntests\\test_search.py:61: \n_ _ _ _ _ _ _ _ _ _ _ _ _ _ _ _ _ _ _ _ _ _ _ _ _ _ _ _ _ _ _ _ _ _ _ _ _ _ _ _ _ _ _ _ _ _ _ _ _ _ _ _ _ _ _ _ _ _ _\npages\\pim_page.py:26: in search_employee\n    self.send_keys(self.EMPLOYEE_NAME_INPUT, employee_name, \"Employee Name input\")\npages\\base_page.py:27: in send_keys\n    self._handle_error(\"Send keys failed\", description, e)\npages\\base_page.py:22: in send_keys\n    element = self.wait.until(EC.visibility_of_element_located(locator))\n_ _ _ _ _ _ _ _ _ _ _ _ _ _ _ _ _ _ _ _ _ _ _ _ _ _ _ _ _ _ _ _ _ _ _ _ _ _ _ _ _ _ _ _ _ _ _ _ _ _ _ _ _ _ _ _ _ _ _\n\nself = <selenium.webdriver.support.wait.WebDriverWait (session=\"0570d00b3a420a9c256c051412c89314\")>\nmethod = <function visibility_of_element_located.<locals>._predicate at 0x0000019BCC184AF0>, message = ''\n\n    def until(self, method: Callable[[D], Union[Literal[False], T]], message: str = \"\") -> T:\n        \"\"\"Wait until the method returns a value that is not False.\n    \n        Calls the method provided with the driver as an argument until the\n        return value does not evaluate to ``False``.\n    \n        Parameters:\n        -----------\n        method: callable(WebDriver)\n            - A callable object that takes a WebDriver instance as an argument.\n    \n        message: str\n            - Optional message for :exc:`TimeoutException`\n    \n        Return:\n        -------\n        object: T\n            - The result of the last call to `method`\n    \n        Raises:\n        -------\n        TimeoutException\n            - If 'method' does not return a truthy value within the WebDriverWait\n            object's timeout\n    \n        Example:\n        --------\n        >>> from selenium.webdriver.common.by import By\n        >>> from selenium.webdriver.support.ui import WebDriverWait\n        >>> from selenium.webdriver.support import expected_conditions as EC\n    \n        # Wait until an element is visible on the page\n        >>> wait = WebDriverWait(driver, 10)\n        >>> element = wait.until(EC.visibility_of_element_located((By.ID, \"exampleId\")))\n        >>> print(element.text)\n        \"\"\"\n        screen = None\n        stacktrace = None\n    \n        end_time = time.monotonic() + self._timeout\n        while True:\n            try:\n                value = method(self._driver)\n                if value:\n                    return value\n            except self._ignored_exceptions as exc:\n                screen = getattr(exc, \"screen\", None)\n                stacktrace = getattr(exc, \"stacktrace\", None)\n            if time.monotonic() > end_time:\n                break\n            time.sleep(self._poll)\n>       raise TimeoutException(message, screen, stacktrace)\nE       selenium.common.exceptions.TimeoutException: Message: \nE       Stacktrace:\nE       Symbols not available. Dumping unresolved backtrace:\nE       \t0x7ff7c13888d5\nE       \t0x7ff7c1388930\nE       \t0x7ff7c116165d\nE       \t0x7ff7c11b9a33\nE       \t0x7ff7c11b9d3c\nE       \t0x7ff7c120df67\nE       \t0x7ff7c120ac97\nE       \t0x7ff7c11aac29\nE       \t0x7ff7c11aba93\nE       \t0x7ff7c16a0620\nE       \t0x7ff7c169af60\nE       \t0x7ff7c16b96c6\nE       \t0x7ff7c13a5dd4\nE       \t0x7ff7c13aed7c\nE       \t0x7ff7c1391ff4\nE       \t0x7ff7c13921a5\nE       \t0x7ff7c1377ed2\nE       \t0x7ff98d0ee8d7\nE       \t0x7ff98db0c53c\n\n..\\.venv\\lib\\site-packages\\selenium\\webdriver\\support\\wait.py:138: TimeoutException"}, "attachments": [{"name": "log", "source": "246f326d-7177-4f6d-b9de-4cbcdff1e610-attachment.txt", "type": "text/plain"}, {"name": "stdout", "source": "2d6d716b-9908-42c7-b443-70bccfeeb0d2-attachment.txt", "type": "text/plain"}], "parameters": [{"name": "driver", "value": "'chrome'"}], "start": 1768754094397, "stop": 1768754113466, "uuid": "ce5b3c5d-ef80-493b-bd54-432c552058d8", "historyId": "bd10f9d0dc96c2dd2610de023f4cb91c", "testCaseId": "8c85d9efe15df9c4e49fd61a4b206ce7", "fullName": "tests.test_search#test_search", "labels": [{"name": "parentSuite", "value": "tests"}, {"name": "suite", "value": "test_search"}, {"name": "host", "value": "LAPTOP-FMHHMO83"}, {"name": "thread", "value": "2400-MainThread"}, {"name": "framework", "value": "pytest"}, {"name": "language", "value": "cpython3"}, {"name": "package", "value": "tests.test_search"}], "titlePath": ["tests", "test_search.py"]}