{"name": "test_search[chrome]", "status": "broken", "statusDetails": {"message": "selenium.common.exceptions.TimeoutException: Message: \nStacktrace:\nSymbols not available. Dumping unresolved backtrace:\n\t0x7ff7e1cda535\n\t0x7ff7e1cda590\n\t0x7ff7e1a810bd\n\t0x7ff7e1adc48e\n\t0x7ff7e1adc79c\n\t0x7ff7e1b2d3a7\n\t0x7ff7e1b29ef5\n\t0x7ff7e1accc9c\n\t0x7ff7e1acdbe3\n\t0x7ff7e1fb7b60\n\t0x7ff7e1fb1f5d\n\t0x7ff7e1fd311a\n\t0x7ff7e1cf60a5\n\t0x7ff7e1cfe73c\n\t0x7ff7e1ce3844\n\t0x7ff7e1ce39f6\n\t0x7ff7e1cc9a07\n\t0x7ffd0903e8d7\n\t0x7ffd0a0ec53c", "trace": "logged_in_driver = <selenium.webdriver.chrome.webdriver.WebDriver (session=\"32746382ada0fa7b0eb4c0c27d936fe1\")>\n\n    def test_search(logged_in_driver):\n        driver = logged_in_driver  # Uses BASE_USERNAME / BASE_PASSWORD by default\n        print(\"Logged in\")\n    \n        # Step 1: click PIM from menu\n        menu_page = MenuPage(driver)\n>       menu_page.click_pim()\n\ntests\\test_search.py:15: \n_ _ _ _ _ _ _ _ _ _ _ _ _ _ _ _ _ _ _ _ _ _ _ _ _ _ _ _ _ _ _ _ _ _ _ _ _ _ _ _ _ _ _ _ _ _ _ _ _ _ _ _ _ _ _ _ _ _ _\npages\\menu_page.py:22: in click_pim\n    self.click(self.PIM_MENU, \"PIM menu\")\npages\\base_page.py:19: in click\n    self._handle_error(\"Click failed\", description, e)\npages\\base_page.py:15: in click\n    element = self.wait.until(EC.element_to_be_clickable(locator))\n_ _ _ _ _ _ _ _ _ _ _ _ _ _ _ _ _ _ _ _ _ _ _ _ _ _ _ _ _ _ _ _ _ _ _ _ _ _ _ _ _ _ _ _ _ _ _ _ _ _ _ _ _ _ _ _ _ _ _\n\nself = <selenium.webdriver.support.wait.WebDriverWait (session=\"32746382ada0fa7b0eb4c0c27d936fe1\")>\nmethod = <function element_to_be_clickable.<locals>._predicate at 0x0000023DD04B4C10>, message = ''\n\n    def until(self, method: Callable[[D], Union[Literal[False], T]], message: str = \"\") -> T:\n        \"\"\"Wait until the method returns a value that is not False.\n    \n        Calls the method provided with the driver as an argument until the\n        return value does not evaluate to ``False``.\n    \n        Parameters:\n        -----------\n        method: callable(WebDriver)\n            - A callable object that takes a WebDriver instance as an argument.\n    \n        message: str\n            - Optional message for :exc:`TimeoutException`\n    \n        Return:\n        -------\n        object: T\n            - The result of the last call to `method`\n    \n        Raises:\n        -------\n        TimeoutException\n            - If 'method' does not return a truthy value within the WebDriverWait\n            object's timeout\n    \n        Example:\n        --------\n        >>> from selenium.webdriver.common.by import By\n        >>> from selenium.webdriver.support.ui import WebDriverWait\n        >>> from selenium.webdriver.support import expected_conditions as EC\n    \n        # Wait until an element is visible on the page\n        >>> wait = WebDriverWait(driver, 10)\n        >>> element = wait.until(EC.visibility_of_element_located((By.ID, \"exampleId\")))\n        >>> print(element.text)\n        \"\"\"\n        screen = None\n        stacktrace = None\n    \n        end_time = time.monotonic() + self._timeout\n        while True:\n            try:\n                value = method(self._driver)\n                if value:\n                    return value\n            except self._ignored_exceptions as exc:\n                screen = getattr(exc, \"screen\", None)\n                stacktrace = getattr(exc, \"stacktrace\", None)\n            if time.monotonic() > end_time:\n                break\n            time.sleep(self._poll)\n>       raise TimeoutException(message, screen, stacktrace)\nE       selenium.common.exceptions.TimeoutException: Message: \nE       Stacktrace:\nE       Symbols not available. Dumping unresolved backtrace:\nE       \t0x7ff7e1cda535\nE       \t0x7ff7e1cda590\nE       \t0x7ff7e1a810bd\nE       \t0x7ff7e1adc48e\nE       \t0x7ff7e1adc79c\nE       \t0x7ff7e1b2d3a7\nE       \t0x7ff7e1b29ef5\nE       \t0x7ff7e1accc9c\nE       \t0x7ff7e1acdbe3\nE       \t0x7ff7e1fb7b60\nE       \t0x7ff7e1fb1f5d\nE       \t0x7ff7e1fd311a\nE       \t0x7ff7e1cf60a5\nE       \t0x7ff7e1cfe73c\nE       \t0x7ff7e1ce3844\nE       \t0x7ff7e1ce39f6\nE       \t0x7ff7e1cc9a07\nE       \t0x7ffd0903e8d7\nE       \t0x7ffd0a0ec53c\n\n..\\.venv\\lib\\site-packages\\selenium\\webdriver\\support\\wait.py:138: TimeoutException"}, "attachments": [{"name": "log", "source": "9663c9f3-e4cf-4a4f-8e17-ac48d31c81e6-attachment.txt", "type": "text/plain"}, {"name": "stdout", "source": "4ad7d7e6-4086-4f64-a29a-646a234d9645-attachment.txt", "type": "text/plain"}], "parameters": [{"name": "driver", "value": "'chrome'"}], "start": 1769617566416, "stop": 1769617576922, "uuid": "febaa510-c057-4113-8ce2-a28853513f99", "historyId": "bd10f9d0dc96c2dd2610de023f4cb91c", "testCaseId": "8c85d9efe15df9c4e49fd61a4b206ce7", "fullName": "tests.test_search#test_search", "labels": [{"name": "parentSuite", "value": "tests"}, {"name": "suite", "value": "test_search"}, {"name": "host", "value": "LAPTOP-FMHHMO83"}, {"name": "thread", "value": "3640-MainThread"}, {"name": "framework", "value": "pytest"}, {"name": "language", "value": "cpython3"}, {"name": "package", "value": "tests.test_search"}], "titlePath": ["tests", "test_search.py"]}