{"name": "test_login_with_users[chrome]", "status": "broken", "statusDetails": {"message": "selenium.common.exceptions.TimeoutException: Message: \nStacktrace:\nSymbols not available. Dumping unresolved backtrace:\n\t0x7ff76adf88d5\n\t0x7ff76adf8930\n\t0x7ff76abd165d\n\t0x7ff76ac29a33\n\t0x7ff76ac29d3c\n\t0x7ff76ac7df67\n\t0x7ff76ac7ac97\n\t0x7ff76ac1ac29\n\t0x7ff76ac1ba93\n\t0x7ff76b110620\n\t0x7ff76b10af60\n\t0x7ff76b1296c6\n\t0x7ff76ae15dd4\n\t0x7ff76ae1ed7c\n\t0x7ff76ae01ff4\n\t0x7ff76ae021a5\n\t0x7ff76ade7ed2\n\t0x7ff98d0ee8d7\n\t0x7ff98db0c53c", "trace": "driver = <selenium.webdriver.chrome.webdriver.WebDriver (session=\"cb49f108ca85bcc5fa2de7451e2c8dfa\")>\n\n    @pytest.fixture\n    def logged_in_driver(driver):\n        login_page = LoginPage(driver)\n>       login_page.login(\"Admin\", \"admin123\")\n\nconftest.py:81: \n_ _ _ _ _ _ _ _ _ _ _ _ _ _ _ _ _ _ _ _ _ _ _ _ _ _ _ _ _ _ _ _ _ _ _ _ _ _ _ _ _ _ _ _ _ _ _ _ _ _ _ _ _ _ _ _ _ _ _\npages\\login_page.py:10: in login\n    self.send_keys(self.USERNAME, username, \"Username field\")\npages\\base_page.py:27: in send_keys\n    self._handle_error(\"Send keys failed\", description, e)\npages\\base_page.py:22: in send_keys\n    element = self.wait.until(EC.visibility_of_element_located(locator))\n_ _ _ _ _ _ _ _ _ _ _ _ _ _ _ _ _ _ _ _ _ _ _ _ _ _ _ _ _ _ _ _ _ _ _ _ _ _ _ _ _ _ _ _ _ _ _ _ _ _ _ _ _ _ _ _ _ _ _\n\nself = <selenium.webdriver.support.wait.WebDriverWait (session=\"cb49f108ca85bcc5fa2de7451e2c8dfa\")>\nmethod = <function visibility_of_element_located.<locals>._predicate at 0x000001FE0BE83640>, message = ''\n\n    def until(self, method: Callable[[D], Union[Literal[False], T]], message: str = \"\") -> T:\n        \"\"\"Wait until the method returns a value that is not False.\n    \n        Calls the method provided with the driver as an argument until the\n        return value does not evaluate to ``False``.\n    \n        Parameters:\n        -----------\n        method: callable(WebDriver)\n            - A callable object that takes a WebDriver instance as an argument.\n    \n        message: str\n            - Optional message for :exc:`TimeoutException`\n    \n        Return:\n        -------\n        object: T\n            - The result of the last call to `method`\n    \n        Raises:\n        -------\n        TimeoutException\n            - If 'method' does not return a truthy value within the WebDriverWait\n            object's timeout\n    \n        Example:\n        --------\n        >>> from selenium.webdriver.common.by import By\n        >>> from selenium.webdriver.support.ui import WebDriverWait\n        >>> from selenium.webdriver.support import expected_conditions as EC\n    \n        # Wait until an element is visible on the page\n        >>> wait = WebDriverWait(driver, 10)\n        >>> element = wait.until(EC.visibility_of_element_located((By.ID, \"exampleId\")))\n        >>> print(element.text)\n        \"\"\"\n        screen = None\n        stacktrace = None\n    \n        end_time = time.monotonic() + self._timeout\n        while True:\n            try:\n                value = method(self._driver)\n                if value:\n                    return value\n            except self._ignored_exceptions as exc:\n                screen = getattr(exc, \"screen\", None)\n                stacktrace = getattr(exc, \"stacktrace\", None)\n            if time.monotonic() > end_time:\n                break\n            time.sleep(self._poll)\n>       raise TimeoutException(message, screen, stacktrace)\nE       selenium.common.exceptions.TimeoutException: Message: \nE       Stacktrace:\nE       Symbols not available. Dumping unresolved backtrace:\nE       \t0x7ff76adf88d5\nE       \t0x7ff76adf8930\nE       \t0x7ff76abd165d\nE       \t0x7ff76ac29a33\nE       \t0x7ff76ac29d3c\nE       \t0x7ff76ac7df67\nE       \t0x7ff76ac7ac97\nE       \t0x7ff76ac1ac29\nE       \t0x7ff76ac1ba93\nE       \t0x7ff76b110620\nE       \t0x7ff76b10af60\nE       \t0x7ff76b1296c6\nE       \t0x7ff76ae15dd4\nE       \t0x7ff76ae1ed7c\nE       \t0x7ff76ae01ff4\nE       \t0x7ff76ae021a5\nE       \t0x7ff76ade7ed2\nE       \t0x7ff98d0ee8d7\nE       \t0x7ff98db0c53c\n\n..\\.venv\\lib\\site-packages\\selenium\\webdriver\\support\\wait.py:138: TimeoutException"}, "attachments": [{"name": "log", "source": "255fb06d-899d-4653-8430-34af7419f840-attachment.txt", "type": "text/plain"}], "parameters": [{"name": "driver", "value": "'chrome'"}], "start": 1768748789497, "stop": 1768748789497, "uuid": "d9b5b43a-d477-4b1d-a513-4c6dd6419452", "historyId": "7f49aca451d834db8e09882228edca0a", "testCaseId": "8dd87ce10d1db8d5959628eb236d98fe", "fullName": "tests.test_login#test_login_with_users", "labels": [{"name": "parentSuite", "value": "tests"}, {"name": "suite", "value": "test_login"}, {"name": "host", "value": "LAPTOP-FMHHMO83"}, {"name": "thread", "value": "1064-MainThread"}, {"name": "framework", "value": "pytest"}, {"name": "language", "value": "cpython3"}, {"name": "package", "value": "tests.test_login"}], "titlePath": ["tests", "test_login.py"]}