[32mINFO    [0m root:conftest.py:27 []
[32mINFO    [0m root:conftest.py:36 Running on chrome browser
[32mINFO    [0m root:base_page.py:25 Entered text in: Username field
[32mINFO    [0m root:base_page.py:25 Entered text in: Password field
[32mINFO    [0m root:base_page.py:16 Clicked: Login button
[32mINFO    [0m root:base_page.py:16 Clicked: PIM menu
[32mINFO    [0m root:test_add_employee.py:18 STEP 1 : Clicked PIM menu
[32mINFO    [0m root:base_page.py:16 Clicked: Add Employee button
[32mINFO    [0m root:base_page.py:25 Entered text in: First Name field
[32mINFO    [0m root:base_page.py:25 Entered text in: Last Name field
[32mINFO    [0m root:base_page.py:16 Clicked: Save Employee button
[32mINFO    [0m root:test_add_employee.py:23 STEP 2 : Added employee John Doe
[32mINFO    [0m root:base_page.py:16 Clicked: Employee List menu
[32mINFO    [0m root:base_page.py:25 Entered text in: Employee Name input
[32mINFO    [0m root:base_page.py:16 Clicked: 
[31m[1mERROR   [0m root:base_page.py:39 Find elements failed - 
[31m[1mERROR   [0m root:base_page.py:44 Find elements failed - 
[31m[1mERROR   [0m root:base_page.py:45 Message: 
Traceback (most recent call last):
  File "C:\Users\eksri\NMMProject\UIProject\pages\base_page.py", line 35, in find_elements
    elements = self.wait.until(EC.visibility_of_all_elements_located(locator))
  File "c:\Users\eksri\NMMProject\.venv\lib\site-packages\selenium\webdriver\support\wait.py", line 138, in until
    raise TimeoutException(message, screen, stacktrace)
selenium.common.exceptions.TimeoutException: Message: