{"name": "test_edit_employee[chrome]", "status": "broken", "statusDetails": {"message": "selenium.common.exceptions.TimeoutException: Message: \nStacktrace:\nSymbols not available. Dumping unresolved backtrace:\n\t0x7ff7483ea535\n\t0x7ff7483ea590\n\t0x7ff7481910bd\n\t0x7ff7481ec48e\n\t0x7ff7481ec79c\n\t0x7ff74823d3a7\n\t0x7ff748239ef5\n\t0x7ff7481dcc9c\n\t0x7ff7481ddbe3\n\t0x7ff7486c7b60\n\t0x7ff7486c1f5d\n\t0x7ff7486e311a\n\t0x7ff7484060a5\n\t0x7ff74840e73c\n\t0x7ff7483f3844\n\t0x7ff7483f39f6\n\t0x7ff7483d9a07\n\t0x7ffd0903e8d7\n\t0x7ffd0a0ec53c", "trace": "logged_in_driver = <selenium.webdriver.chrome.webdriver.WebDriver (session=\"5adde3dde9be7c608223d63d109926c4\")>\n\n    def test_edit_employee(logged_in_driver):\n        driver = logged_in_driver  # Uses BASE_USERNAME / BASE_PASSWORD by default\n        print(\"Logged in\")\n    \n        # Step 1: click PIM from menu\n        menu_page = MenuPage(driver)\n>       menu_page.click_pim()\n\ntests\\test_edit_employee.py:13: \n_ _ _ _ _ _ _ _ _ _ _ _ _ _ _ _ _ _ _ _ _ _ _ _ _ _ _ _ _ _ _ _ _ _ _ _ _ _ _ _ _ _ _ _ _ _ _ _ _ _ _ _ _ _ _ _ _ _ _ _ _ _ _ _ _ \npages\\menu_page.py:22: in click_pim\n    self.click(self.PIM_MENU, \"PIM menu\")\npages\\base_page.py:20: in click\n    self._handle_error(\"Click failed\", description, e)\npages\\base_page.py:16: in click\n    element = self.wait.until(EC.element_to_be_clickable(locator))\n_ _ _ _ _ _ _ _ _ _ _ _ _ _ _ _ _ _ _ _ _ _ _ _ _ _ _ _ _ _ _ _ _ _ _ _ _ _ _ _ _ _ _ _ _ _ _ _ _ _ _ _ _ _ _ _ _ _ _ _ _ _ _ _ _ \n\nself = <selenium.webdriver.support.wait.WebDriverWait (session=\"5adde3dde9be7c608223d63d109926c4\")>\nmethod = <function element_to_be_clickable.<locals>._predicate at 0x00000293FABC4D30>, message = ''\n\n    def until(self, method: Callable[[D], Union[Literal[False], T]], message: str = \"\") -> T:\n        \"\"\"Wait until the method returns a value that is not False.\n    \n        Calls the method provided with the driver as an argument until the\n        return value does not evaluate to ``False``.\n    \n        Parameters:\n        -----------\n        method: callable(WebDriver)\n            - A callable object that takes a WebDriver instance as an argument.\n    \n        message: str\n            - Optional message for :exc:`TimeoutException`\n    \n        Return:\n        -------\n        object: T\n            - The result of the last call to `method`\n    \n        Raises:\n        -------\n        TimeoutException\n            - If 'method' does not return a truthy value within the WebDriverWait\n            object's timeout\n    \n        Example:\n        --------\n        >>> from selenium.webdriver.common.by import By\n        >>> from selenium.webdriver.support.ui import WebDriverWait\n        >>> from selenium.webdriver.support import expected_conditions as EC\n    \n        # Wait until an element is visible on the page\n        >>> wait = WebDriverWait(driver, 10)\n        >>> element = wait.until(EC.visibility_of_element_located((By.ID, \"exampleId\")))\n        >>> print(element.text)\n        \"\"\"\n        screen = None\n        stacktrace = None\n    \n        end_time = time.monotonic() + self._timeout\n        while True:\n            try:\n                value = method(self._driver)\n                if value:\n                    return value\n            except self._ignored_exceptions as exc:\n                screen = getattr(exc, \"screen\", None)\n                stacktrace = getattr(exc, \"stacktrace\", None)\n            if time.monotonic() > end_time:\n                break\n            time.sleep(self._poll)\n>       raise TimeoutException(message, screen, stacktrace)\nE       selenium.common.exceptions.TimeoutException: Message: \nE       Stacktrace:\nE       Symbols not available. Dumping unresolved backtrace:\nE       \t0x7ff7483ea535\nE       \t0x7ff7483ea590\nE       \t0x7ff7481910bd\nE       \t0x7ff7481ec48e\nE       \t0x7ff7481ec79c\nE       \t0x7ff74823d3a7\nE       \t0x7ff748239ef5\nE       \t0x7ff7481dcc9c\nE       \t0x7ff7481ddbe3\nE       \t0x7ff7486c7b60\nE       \t0x7ff7486c1f5d\nE       \t0x7ff7486e311a\nE       \t0x7ff7484060a5\nE       \t0x7ff74840e73c\nE       \t0x7ff7483f3844\nE       \t0x7ff7483f39f6\nE       \t0x7ff7483d9a07\nE       \t0x7ffd0903e8d7\nE       \t0x7ffd0a0ec53c\n\n..\\.venv\\lib\\site-packages\\selenium\\webdriver\\support\\wait.py:138: TimeoutException"}, "attachments": [{"name": "log", "source": "a51964e8-a47c-4822-964f-6d445b261ed2-attachment.txt", "type": "text/plain"}, {"name": "stdout", "source": "c09ff066-59e2-4f8e-b341-1ab5d47e603f-attachment.txt", "type": "text/plain"}], "parameters": [{"name": "driver", "value": "'chrome'"}], "start": 1769719782184, "stop": 1769719792264, "uuid": "4b27a0cb-b7d6-4019-a7b9-2b7099571614", "historyId": "0e95dc9dcf44b3faafbc54ed9fe0f849", "testCaseId": "ea5bfeb5d1fbd6cc56a1231a26e6954d", "fullName": "tests.test_edit_employee#test_edit_employee", "labels": [{"name": "parentSuite", "value": "tests"}, {"name": "suite", "value": "test_edit_employee"}, {"name": "host", "value": "LAPTOP-FMHHMO83"}, {"name": "thread", "value": "26212-MainThread"}, {"name": "framework", "value": "pytest"}, {"name": "language", "value": "cpython3"}, {"name": "package", "value": "tests.test_edit_employee"}], "titlePath": ["tests", "test_edit_employee.py"]}