{"name": "test_edit_employee[chrome]", "status": "broken", "statusDetails": {"message": "selenium.common.exceptions.TimeoutException: Message: \nStacktrace:\nSymbols not available. Dumping unresolved backtrace:\n\t0x7ff79087a535\n\t0x7ff79087a590\n\t0x7ff7906210bd\n\t0x7ff79067c48e\n\t0x7ff79067c79c\n\t0x7ff7906cd3a7\n\t0x7ff7906c9ef5\n\t0x7ff79066cc9c\n\t0x7ff79066dbe3\n\t0x7ff790b57b60\n\t0x7ff790b51f5d\n\t0x7ff790b7311a\n\t0x7ff7908960a5\n\t0x7ff79089e73c\n\t0x7ff790883844\n\t0x7ff7908839f6\n\t0x7ff790869a07\n\t0x7ffd0903e8d7\n\t0x7ffd0a0ec53c", "trace": "logged_in_driver = <selenium.webdriver.chrome.webdriver.WebDriver (session=\"9115f4c9c3a950ba2a0ec9c2bc864f5d\")>\n\n    def test_edit_employee(logged_in_driver):\n        driver = logged_in_driver  # Uses BASE_USERNAME / BASE_PASSWORD by default\n        print(\"Logged in\")\n    \n        # Step 1: click PIM from menu\n        menu_page = MenuPage(driver)\n        menu_page.click_pim()\n        assert menu_page.is_pim_menu_opened(), \"PIM menu is not opened\"\n        logging.info(\"STEP 1 : Clicked PIM menu\")\n    \n        # Step 2: click Add Employee from PIM page\n        pim_page = PimPage(driver)\n>       employee_id =pim_page.click_add_employee(\"John\", \"Doe\")\n\ntests\\test_edit_employee.py:19: \n_ _ _ _ _ _ _ _ _ _ _ _ _ _ _ _ _ _ _ _ _ _ _ _ _ _ _ _ _ _ _ _ _ _ _ _ _ _ _ _ _ _ _ _ _ _ _ _ _ _ _ _ _ _ _ _ _ _ _ _ _ _ _ _ _ \npages\\pim_page.py:47: in click_add_employee\n    self.wait.until(lambda driver: driver.find_element(By.CLASS_NAME, \"orangehrm-edit-employee-name\"))\n_ _ _ _ _ _ _ _ _ _ _ _ _ _ _ _ _ _ _ _ _ _ _ _ _ _ _ _ _ _ _ _ _ _ _ _ _ _ _ _ _ _ _ _ _ _ _ _ _ _ _ _ _ _ _ _ _ _ _ _ _ _ _ _ _ \n\nself = <selenium.webdriver.support.wait.WebDriverWait (session=\"9115f4c9c3a950ba2a0ec9c2bc864f5d\")>\nmethod = <function PimPage.click_add_employee.<locals>.<lambda> at 0x0000026BB9E34D30>, message = ''\n\n    def until(self, method: Callable[[D], Union[Literal[False], T]], message: str = \"\") -> T:\n        \"\"\"Wait until the method returns a value that is not False.\n    \n        Calls the method provided with the driver as an argument until the\n        return value does not evaluate to ``False``.\n    \n        Parameters:\n        -----------\n        method: callable(WebDriver)\n            - A callable object that takes a WebDriver instance as an argument.\n    \n        message: str\n            - Optional message for :exc:`TimeoutException`\n    \n        Return:\n        -------\n        object: T\n            - The result of the last call to `method`\n    \n        Raises:\n        -------\n        TimeoutException\n            - If 'method' does not return a truthy value within the WebDriverWait\n            object's timeout\n    \n        Example:\n        --------\n        >>> from selenium.webdriver.common.by import By\n        >>> from selenium.webdriver.support.ui import WebDriverWait\n        >>> from selenium.webdriver.support import expected_conditions as EC\n    \n        # Wait until an element is visible on the page\n        >>> wait = WebDriverWait(driver, 10)\n        >>> element = wait.until(EC.visibility_of_element_located((By.ID, \"exampleId\")))\n        >>> print(element.text)\n        \"\"\"\n        screen = None\n        stacktrace = None\n    \n        end_time = time.monotonic() + self._timeout\n        while True:\n            try:\n                value = method(self._driver)\n                if value:\n                    return value\n            except self._ignored_exceptions as exc:\n                screen = getattr(exc, \"screen\", None)\n                stacktrace = getattr(exc, \"stacktrace\", None)\n            if time.monotonic() > end_time:\n                break\n            time.sleep(self._poll)\n>       raise TimeoutException(message, screen, stacktrace)\nE       selenium.common.exceptions.TimeoutException: Message: \nE       Stacktrace:\nE       Symbols not available. Dumping unresolved backtrace:\nE       \t0x7ff79087a535\nE       \t0x7ff79087a590\nE       \t0x7ff7906210bd\nE       \t0x7ff79067c48e\nE       \t0x7ff79067c79c\nE       \t0x7ff7906cd3a7\nE       \t0x7ff7906c9ef5\nE       \t0x7ff79066cc9c\nE       \t0x7ff79066dbe3\nE       \t0x7ff790b57b60\nE       \t0x7ff790b51f5d\nE       \t0x7ff790b7311a\nE       \t0x7ff7908960a5\nE       \t0x7ff79089e73c\nE       \t0x7ff790883844\nE       \t0x7ff7908839f6\nE       \t0x7ff790869a07\nE       \t0x7ffd0903e8d7\nE       \t0x7ffd0a0ec53c\n\n..\\.venv\\lib\\site-packages\\selenium\\webdriver\\support\\wait.py:138: TimeoutException"}, "attachments": [{"name": "log", "source": "61b6719b-4394-4d0f-9c3d-5f0c5e149834-attachment.txt", "type": "text/plain"}, {"name": "stdout", "source": "d2fe6c5a-6fcf-45b6-ba5d-04ade66e4e74-attachment.txt", "type": "text/plain"}], "parameters": [{"name": "driver", "value": "'chrome'"}], "start": 1769713088894, "stop": 1769713105828, "uuid": "dc352b4a-3c2e-4c06-94a4-5566edbb10f3", "historyId": "0e95dc9dcf44b3faafbc54ed9fe0f849", "testCaseId": "ea5bfeb5d1fbd6cc56a1231a26e6954d", "fullName": "tests.test_edit_employee#test_edit_employee", "labels": [{"name": "parentSuite", "value": "tests"}, {"name": "suite", "value": "test_edit_employee"}, {"name": "host", "value": "LAPTOP-FMHHMO83"}, {"name": "thread", "value": "14676-MainThread"}, {"name": "framework", "value": "pytest"}, {"name": "language", "value": "cpython3"}, {"name": "package", "value": "tests.test_edit_employee"}], "titlePath": ["tests", "test_edit_employee.py"]}