{"name": "test_add_employee[chrome]", "status": "broken", "statusDetails": {"message": "selenium.common.exceptions.InvalidSelectorException: Message: Compound class names are not allowed.; For documentation on this error, please visit: https://www.selenium.dev/documentation/webdriver/troubleshooting/errors#invalidselectorexception", "trace": "logged_in_driver = <selenium.webdriver.chrome.webdriver.WebDriver (session=\"d193230567ad7ae237ccd391fe9f5b98\")>\n\n    def test_add_employee(logged_in_driver):\n        driver = logged_in_driver  # Uses BASE_USERNAME / BASE_PASSWORD by default\n        print(\"Logged in\")\n    \n        # Step 1: click PIM from menu\n        menu_page = MenuPage(driver)\n        menu_page.click_pim()\n        assert menu_page.is_pim_menu_opened(), \"PIM menu is not opened\"\n        logging.info(\"STEP 1 : Clicked PIM menu\")\n    \n        # Step 2: click Add Employee from PIM page\n        pim_page = PimPage(driver)\n>       pim_page.click_add_employee(\"John\", \"Doe\")\n\ntests\\test_add_employee.py:25: \n_ _ _ _ _ _ _ _ _ _ _ _ _ _ _ _ _ _ _ _ _ _ _ _ _ _ _ _ _ _ _ _ _ _ _ _ _ _ _ _ _ _ _ _ _ _ _ _ _ _ _ _ _ _ _ _ _ _ _ _ _ _ _ _ _ \npages\\pim_page.py:28: in click_add_employee\n    element = self.find_element((By.CLASS_NAME, \"oxd-input oxd-input--active\"), description=\"First Name field\")\npages\\base_page.py:60: in find_element\n    self._handle_error(\"Find element failed\", description, e)\npages\\base_page.py:55: in find_element\n    element = self.wait.until(EC.presence_of_element_located(locator))\n..\\.venv\\lib\\site-packages\\selenium\\webdriver\\support\\wait.py:129: in until\n    value = method(self._driver)\n..\\.venv\\lib\\site-packages\\selenium\\webdriver\\support\\expected_conditions.py:104: in _predicate\n    return driver.find_element(*locator)\n..\\.venv\\lib\\site-packages\\selenium\\webdriver\\remote\\webdriver.py:918: in find_element\n    by, value = self.locator_converter.convert(by, value)\n_ _ _ _ _ _ _ _ _ _ _ _ _ _ _ _ _ _ _ _ _ _ _ _ _ _ _ _ _ _ _ _ _ _ _ _ _ _ _ _ _ _ _ _ _ _ _ _ _ _ _ _ _ _ _ _ _ _ _ _ _ _ _ _ _ \n\nself = <selenium.webdriver.remote.locator_converter.LocatorConverter object at 0x000002A246DA9E70>, by = 'class name'\nvalue = 'oxd-input oxd-input--active'\n\n    def convert(self, by, value):\n        # Default conversion logic\n        if by == By.ID:\n            return By.CSS_SELECTOR, f'[id=\"{value}\"]'\n        elif by == By.CLASS_NAME:\n            if value and any(char.isspace() for char in value.strip()):\n>               raise InvalidSelectorException(\"Compound class names are not allowed.\")\nE               selenium.common.exceptions.InvalidSelectorException: Message: Compound class names are not allowed.; For documentation on this error, please visit: https://www.selenium.dev/documentation/webdriver/troubleshooting/errors#invalidselectorexception\n\n..\\.venv\\lib\\site-packages\\selenium\\webdriver\\remote\\locator_converter.py:29: InvalidSelectorException"}, "attachments": [{"name": "log", "source": "c5a900f3-c2ad-44c4-9da4-82dd1a33a3c8-attachment.txt", "type": "text/plain"}, {"name": "stdout", "source": "d8a9f4b7-246d-42f9-b9fd-8849f99c7ae9-attachment.txt", "type": "text/plain"}], "parameters": [{"name": "driver", "value": "'chrome'"}], "start": 1769636402823, "stop": 1769636410703, "uuid": "9c14de66-ddc7-4005-820f-f97445725657", "historyId": "fe3c94f58c9ed8d9cb285da67ce5d0db", "testCaseId": "310529c96f359063fe1615ba6da44ecc", "fullName": "tests.test_add_employee#test_add_employee", "labels": [{"name": "parentSuite", "value": "tests"}, {"name": "suite", "value": "test_add_employee"}, {"name": "host", "value": "LAPTOP-FMHHMO83"}, {"name": "thread", "value": "34472-MainThread"}, {"name": "framework", "value": "pytest"}, {"name": "language", "value": "cpython3"}, {"name": "package", "value": "tests.test_add_employee"}], "titlePath": ["tests", "test_add_employee.py"]}