{"name": "test_add_employee[chrome]", "status": "broken", "statusDetails": {"message": "selenium.common.exceptions.TimeoutException: Message: \nStacktrace:\nSymbols not available. Dumping unresolved backtrace:\n\t0x7ff6c2855715\n\t0x7ff6c2855770\n\t0x7ff6c260108d\n\t0x7ff6c265c3be\n\t0x7ff6c265c6cc\n\t0x7ff6c26ad2f7\n\t0x7ff6c26a9e45\n\t0x7ff6c264cc28\n\t0x7ff6c264db33\n\t0x7ff6c2b3e9f0\n\t0x7ff6c2b38ded\n\t0x7ff6c2b5969a\n\t0x7ff6c28711e5\n\t0x7ff6c28799cc\n\t0x7ff6c285ebf4\n\t0x7ff6c285eda6\n\t0x7ff6c2844e87\n\t0x7ffd0903e8d7\n\t0x7ffd0a0ec53c", "trace": "logged_in_driver = <selenium.webdriver.chrome.webdriver.WebDriver (session=\"b55117ad99a360d6d8b9d665a83c216f\")>\n\n    def test_add_employee(logged_in_driver):\n        driver = logged_in_driver  # Uses BASE_USERNAME / BASE_PASSWORD by default\n        print(\"Logged in\")\n    \n        # Step 1: click PIM from menu\n        menu_page = MenuPage(driver)\n        menu_page.click_pim()\n        logging.info(\"STEP 1 : Clicked PIM menu\")\n    \n        # Step 2: click Add Employee from PIM page\n        pim_page = PimPage(driver)\n        pim_page.click_add_employee(\"John\", \"Doe\")\n        logging.info(\"STEP 2 : Added employee John Doe\")\n        logging.info(driver.title)\n        pim_page.click_employee_list()\n        logging.info(\"STEP 3 : Clicked Employee List menu\")\n        pim_page.search_employee(\"John Doe\")\n        logging.info(\"STEP 4 : Searched for employee John Doe\")\n        # Scroll to Search button and click\n        element = driver.find_element(By.XPATH, \"//button[normalize-space()='Search']\")\n    \n        driver.execute_script(\"arguments[0].scrollIntoView(true);\", element)\n        logging.info(\"Scrolled to Search button\")\n    \n        assert pim_page.verify_employee_in_results(\"John\"), \"Employee John Doe not found in search results\"\n        logging.info(\"STEP 5 : Verified employee John Doe is in search results\")\n>       employee_id = WebDriverWait(driver, 10).until(\n            EC.visibility_of_element_located((By.XPATH, \"//div[@class='data']\"))\n        ).text\n\ntests\\test_add_employee.py:39: \n_ _ _ _ _ _ _ _ _ _ _ _ _ _ _ _ _ _ _ _ _ _ _ _ _ _ _ _ _ _ _ _ _ _ _ _ _ _ _ _ _ _ _ _ _ _ _ _ _ _ _ _ _ _ _ _ _ _ _\n\nself = <selenium.webdriver.support.wait.WebDriverWait (session=\"b55117ad99a360d6d8b9d665a83c216f\")>\nmethod = <function visibility_of_element_located.<locals>._predicate at 0x00000154874F2A70>, message = ''\n\n    def until(self, method: Callable[[D], Union[Literal[False], T]], message: str = \"\") -> T:\n        \"\"\"Wait until the method returns a value that is not False.\n    \n        Calls the method provided with the driver as an argument until the\n        return value does not evaluate to ``False``.\n    \n        Parameters:\n        -----------\n        method: callable(WebDriver)\n            - A callable object that takes a WebDriver instance as an argument.\n    \n        message: str\n            - Optional message for :exc:`TimeoutException`\n    \n        Return:\n        -------\n        object: T\n            - The result of the last call to `method`\n    \n        Raises:\n        -------\n        TimeoutException\n            - If 'method' does not return a truthy value within the WebDriverWait\n            object's timeout\n    \n        Example:\n        --------\n        >>> from selenium.webdriver.common.by import By\n        >>> from selenium.webdriver.support.ui import WebDriverWait\n        >>> from selenium.webdriver.support import expected_conditions as EC\n    \n        # Wait until an element is visible on the page\n        >>> wait = WebDriverWait(driver, 10)\n        >>> element = wait.until(EC.visibility_of_element_located((By.ID, \"exampleId\")))\n        >>> print(element.text)\n        \"\"\"\n        screen = None\n        stacktrace = None\n    \n        end_time = time.monotonic() + self._timeout\n        while True:\n            try:\n                value = method(self._driver)\n                if value:\n                    return value\n            except self._ignored_exceptions as exc:\n                screen = getattr(exc, \"screen\", None)\n                stacktrace = getattr(exc, \"stacktrace\", None)\n            if time.monotonic() > end_time:\n                break\n            time.sleep(self._poll)\n>       raise TimeoutException(message, screen, stacktrace)\nE       selenium.common.exceptions.TimeoutException: Message: \nE       Stacktrace:\nE       Symbols not available. Dumping unresolved backtrace:\nE       \t0x7ff6c2855715\nE       \t0x7ff6c2855770\nE       \t0x7ff6c260108d\nE       \t0x7ff6c265c3be\nE       \t0x7ff6c265c6cc\nE       \t0x7ff6c26ad2f7\nE       \t0x7ff6c26a9e45\nE       \t0x7ff6c264cc28\nE       \t0x7ff6c264db33\nE       \t0x7ff6c2b3e9f0\nE       \t0x7ff6c2b38ded\nE       \t0x7ff6c2b5969a\nE       \t0x7ff6c28711e5\nE       \t0x7ff6c28799cc\nE       \t0x7ff6c285ebf4\nE       \t0x7ff6c285eda6\nE       \t0x7ff6c2844e87\nE       \t0x7ffd0903e8d7\nE       \t0x7ffd0a0ec53c\n\n..\\.venv\\lib\\site-packages\\selenium\\webdriver\\support\\wait.py:138: TimeoutException"}, "attachments": [{"name": "log", "source": "f98aaa87-ce78-4d80-afec-3bebf122f6e9-attachment.txt", "type": "text/plain"}, {"name": "stdout", "source": "71b5d4cf-896d-4052-afc9-4a68da293bbb-attachment.txt", "type": "text/plain"}], "parameters": [{"name": "driver", "value": "'chrome'"}], "start": 1769203660187, "stop": 1769203685889, "uuid": "af906182-b8e0-4c81-adc6-20bd55e28087", "historyId": "fe3c94f58c9ed8d9cb285da67ce5d0db", "testCaseId": "310529c96f359063fe1615ba6da44ecc", "fullName": "tests.test_add_employee#test_add_employee", "labels": [{"name": "parentSuite", "value": "tests"}, {"name": "suite", "value": "test_add_employee"}, {"name": "host", "value": "LAPTOP-FMHHMO83"}, {"name": "thread", "value": "12912-MainThread"}, {"name": "framework", "value": "pytest"}, {"name": "language", "value": "cpython3"}, {"name": "package", "value": "tests.test_add_employee"}], "titlePath": ["tests", "test_add_employee.py"]}