{"name": "test_search[chrome]", "status": "failed", "statusDetails": {"message": "AssertionError: Employee First name Charles not found in search results\nassert False\n +  where False = is_employee_found('First (& Middle) Name', 'Charles')\n +    where is_employee_found = <UIProject.pages.pim_page.PimPage object at 0x00000238D1C9EC20>.is_employee_found", "trace": "logged_in_driver = <selenium.webdriver.chrome.webdriver.WebDriver (session=\"0ec0531241a7da81f4a0124e40454a3c\")>\n\n    def test_search(logged_in_driver):\n        driver = logged_in_driver  # Uses BASE_USERNAME / BASE_PASSWORD by default\n        print(\"Logged in\")\n    \n        # Step 1: click PIM from menu\n        menu_page = MenuPage(driver)\n        menu_page.click_pim()\n        assert menu_page.is_pim_menu_opened(), \"PIM menu is not opened\"\n        logging.info(\"STEP 1 : Clicked PIM menu\")\n    \n        # Step 2: click Employee List from PIM page\n        pim_page = PimPage(driver)\n        pim_page.click_employee_list()\n        assert pim_page.is_employee_list_opened(), \"Employee List page did not open\"\n        logging.info(\"STEP 2 : Clicked Employee List menu\")\n    \n        # Step 3: Search for an employee\n        pim_page.search_employee(\"Charles Carter\")\n        logging.info(\"STEP 3 : Searched for employee Charles Carter\")\n>       assert pim_page.is_employee_found(\"First (& Middle) Name\", \"Charles\"), \"Employee First name Charles not found in search results\"\nE       AssertionError: Employee First name Charles not found in search results\nE       assert False\nE        +  where False = is_employee_found('First (& Middle) Name', 'Charles')\nE        +    where is_employee_found = <UIProject.pages.pim_page.PimPage object at 0x00000238D1C9EC20>.is_employee_found\n\ntests\\test_search.py:28: AssertionError"}, "attachments": [{"name": "log", "source": "7d44264d-bf22-4967-b993-e80f1ba59c59-attachment.txt", "type": "text/plain"}, {"name": "stdout", "source": "6727f569-78a1-4ac1-8b26-8e61c0075629-attachment.txt", "type": "text/plain"}], "parameters": [{"name": "driver", "value": "'chrome'"}], "start": 1769622756264, "stop": 1769622765166, "uuid": "1216326b-51d5-41a0-a8a0-3906771c9374", "historyId": "bd10f9d0dc96c2dd2610de023f4cb91c", "testCaseId": "8c85d9efe15df9c4e49fd61a4b206ce7", "fullName": "tests.test_search#test_search", "labels": [{"name": "parentSuite", "value": "tests"}, {"name": "suite", "value": "test_search"}, {"name": "host", "value": "LAPTOP-FMHHMO83"}, {"name": "thread", "value": "26732-MainThread"}, {"name": "framework", "value": "pytest"}, {"name": "language", "value": "cpython3"}, {"name": "package", "value": "tests.test_search"}], "titlePath": ["tests", "test_search.py"]}