[32mINFO    [0m root:conftest.py:27 []
[32mINFO    [0m root:conftest.py:36 Running on chrome browser
[32mINFO    [0m root:base_page.py:27 Entered text in: Username field
[32mINFO    [0m root:base_page.py:27 Entered text in: Password field
[32mINFO    [0m root:base_page.py:18 Clicked: Login button
[32mINFO    [0m root:base_page.py:18 Clicked: PIM menu
[32mINFO    [0m root:base_page.py:56 Found element for: 
[32mINFO    [0m root:test_add_employee.py:21 STEP 1 : Clicked PIM menu
[32mINFO    [0m root:base_page.py:18 Clicked: Add Employee button
[32mINFO    [0m root:base_page.py:27 Entered text in: First Name field
[32mINFO    [0m root:base_page.py:27 Entered text in: Last Name field
[31m[1mERROR   [0m root:base_page.py:64 Click failed - Save Employee button
[31m[1mERROR   [0m root:base_page.py:65 Message: element click intercepted: Element <button data-v-10d463b7="" data-v-304890b0="" type="submit" class="oxd-button oxd-button--medium oxd-button--secondary orangehrm-left-space">...</button> is not clickable at point (1147, 497). Other element would receive the click: <div data-v-d5bfe35b="" class="oxd-form-loader">...</div>
  (Session info: chrome=144.0.7559.97); For documentation on this error, please visit: https://www.selenium.dev/documentation/webdriver/troubleshooting/errors#elementclickinterceptedexception
Stacktrace:
Symbols not available. Dumping unresolved backtrace:
	0x7ff7c5d7a535
	0x7ff7c5d7a590
	0x7ff7c5b210bd
	0x7ff7c5b84a15
	0x7ff7c5b8212a
	0x7ff7c5b7efb5
	0x7ff7c5b7de50
	0x7ff7c5b6f076
	0x7ff7c5ba5a3a
	0x7ff7c5b6e8f6
	0x7ff7c5bc9ef5
	0x7ff7c5b6cc9c
	0x7ff7c5b6dbe3
	0x7ff7c6057b60
	0x7ff7c6051f5d
	0x7ff7c607311a
	0x7ff7c5d960a5
	0x7ff7c5d9e73c
	0x7ff7c5d83844
	0x7ff7c5d839f6
	0x7ff7c5d69a07
	0x7ffd0903e8d7
	0x7ffd0a0ec53c
Traceback (most recent call last):
  File "C:\Users\eksri\NMMProject\UIProject\pages\base_page.py", line 17, in click
    element.click()
  File "c:\Users\eksri\NMMProject\.venv\lib\site-packages\selenium\webdriver\remote\webelement.py", line 119, in click
    self._execute(Command.CLICK_ELEMENT)
  File "c:\Users\eksri\NMMProject\.venv\lib\site-packages\selenium\webdriver\remote\webelement.py", line 572, in _execute
    return self._parent.execute(command, params)
  File "c:\Users\eksri\NMMProject\.venv\lib\site-packages\selenium\webdriver\remote\webdriver.py", line 458, in execute
    self.error_handler.check_response(response)
  File "c:\Users\eksri\NMMProject\.venv\lib\site-packages\selenium\webdriver\remote\errorhandler.py", line 233, in check_response
    raise exception_class(message, screen, stacktrace)
selenium.common.exceptions.ElementClickInterceptedException: Message: element click intercepted: Element <button data-v-10d463b7="" data-v-304890b0="" type="submit" class="oxd-button oxd-button--medium oxd-button--secondary orangehrm-left-space">...</button> is not clickable at point (1147, 497). Other element would receive the click: <div data-v-d5bfe35b="" class="oxd-form-loader">...</div>
  (Session info: chrome=144.0.7559.97); For documentation on this error, please visit: https://www.selenium.dev/documentation/webdriver/troubleshooting/errors#elementclickinterceptedexception
Stacktrace:
Symbols not available. Dumping unresolved backtrace:
	0x7ff7c5d7a535
	0x7ff7c5d7a590
	0x7ff7c5b210bd
	0x7ff7c5b84a15
	0x7ff7c5b8212a
	0x7ff7c5b7efb5
	0x7ff7c5b7de50
	0x7ff7c5b6f076
	0x7ff7c5ba5a3a
	0x7ff7c5b6e8f6
	0x7ff7c5bc9ef5
	0x7ff7c5b6cc9c
	0x7ff7c5b6dbe3
	0x7ff7c6057b60
	0x7ff7c6051f5d
	0x7ff7c607311a
	0x7ff7c5d960a5
	0x7ff7c5d9e73c
	0x7ff7c5d83844
	0x7ff7c5d839f6
	0x7ff7c5d69a07
	0x7ffd0903e8d7
	0x7ffd0a0ec53c