{"name": "test_add_employee[chrome]", "status": "broken", "statusDetails": {"message": "selenium.common.exceptions.TimeoutException: Message: \nStacktrace:\nSymbols not available. Dumping unresolved backtrace:\n\t0x7ff776dc5715\n\t0x7ff776dc5770\n\t0x7ff776b7108d\n\t0x7ff776bcc3be\n\t0x7ff776bcc6cc\n\t0x7ff776c1d2f7\n\t0x7ff776c19e45\n\t0x7ff776bbcc28\n\t0x7ff776bbdb33\n\t0x7ff7770ae9f0\n\t0x7ff7770a8ded\n\t0x7ff7770c969a\n\t0x7ff776de11e5\n\t0x7ff776de99cc\n\t0x7ff776dcebf4\n\t0x7ff776dceda6\n\t0x7ff776db4e87\n\t0x7ffd0903e8d7\n\t0x7ffd0a0ec53c", "trace": "driver = <selenium.webdriver.chrome.webdriver.WebDriver (session=\"28d7a753af177aec5a09ea32c57495c8\")>\n\n    @pytest.fixture\n    def logged_in_driver(driver):\n        driver.get(BASE_URL)\n        driver.maximize_window()\n        login_page = LoginPage(driver)\n>       login_page.login(BASE_USERNAME, BASE_PASSWORD)\n\nconftest.py:83: \n_ _ _ _ _ _ _ _ _ _ _ _ _ _ _ _ _ _ _ _ _ _ _ _ _ _ _ _ _ _ _ _ _ _ _ _ _ _ _ _ _ _ _ _ _ _ _ _ _ _ _ _ _ _ _ _ _ _ _\npages\\login_page.py:10: in login\n    self.send_keys(self.USERNAME, username, \"Username field\")\npages\\base_page.py:27: in send_keys\n    self._handle_error(\"Send keys failed\", description, e)\npages\\base_page.py:22: in send_keys\n    element = self.wait.until(EC.visibility_of_element_located(locator))\n_ _ _ _ _ _ _ _ _ _ _ _ _ _ _ _ _ _ _ _ _ _ _ _ _ _ _ _ _ _ _ _ _ _ _ _ _ _ _ _ _ _ _ _ _ _ _ _ _ _ _ _ _ _ _ _ _ _ _\n\nself = <selenium.webdriver.support.wait.WebDriverWait (session=\"28d7a753af177aec5a09ea32c57495c8\")>\nmethod = <function visibility_of_element_located.<locals>._predicate at 0x000001BB472709D0>, message = ''\n\n    def until(self, method: Callable[[D], Union[Literal[False], T]], message: str = \"\") -> T:\n        \"\"\"Wait until the method returns a value that is not False.\n    \n        Calls the method provided with the driver as an argument until the\n        return value does not evaluate to ``False``.\n    \n        Parameters:\n        -----------\n        method: callable(WebDriver)\n            - A callable object that takes a WebDriver instance as an argument.\n    \n        message: str\n            - Optional message for :exc:`TimeoutException`\n    \n        Return:\n        -------\n        object: T\n            - The result of the last call to `method`\n    \n        Raises:\n        -------\n        TimeoutException\n            - If 'method' does not return a truthy value within the WebDriverWait\n            object's timeout\n    \n        Example:\n        --------\n        >>> from selenium.webdriver.common.by import By\n        >>> from selenium.webdriver.support.ui import WebDriverWait\n        >>> from selenium.webdriver.support import expected_conditions as EC\n    \n        # Wait until an element is visible on the page\n        >>> wait = WebDriverWait(driver, 10)\n        >>> element = wait.until(EC.visibility_of_element_located((By.ID, \"exampleId\")))\n        >>> print(element.text)\n        \"\"\"\n        screen = None\n        stacktrace = None\n    \n        end_time = time.monotonic() + self._timeout\n        while True:\n            try:\n                value = method(self._driver)\n                if value:\n                    return value\n            except self._ignored_exceptions as exc:\n                screen = getattr(exc, \"screen\", None)\n                stacktrace = getattr(exc, \"stacktrace\", None)\n            if time.monotonic() > end_time:\n                break\n            time.sleep(self._poll)\n>       raise TimeoutException(message, screen, stacktrace)\nE       selenium.common.exceptions.TimeoutException: Message: \nE       Stacktrace:\nE       Symbols not available. Dumping unresolved backtrace:\nE       \t0x7ff776dc5715\nE       \t0x7ff776dc5770\nE       \t0x7ff776b7108d\nE       \t0x7ff776bcc3be\nE       \t0x7ff776bcc6cc\nE       \t0x7ff776c1d2f7\nE       \t0x7ff776c19e45\nE       \t0x7ff776bbcc28\nE       \t0x7ff776bbdb33\nE       \t0x7ff7770ae9f0\nE       \t0x7ff7770a8ded\nE       \t0x7ff7770c969a\nE       \t0x7ff776de11e5\nE       \t0x7ff776de99cc\nE       \t0x7ff776dcebf4\nE       \t0x7ff776dceda6\nE       \t0x7ff776db4e87\nE       \t0x7ffd0903e8d7\nE       \t0x7ffd0a0ec53c\n\n..\\.venv\\lib\\site-packages\\selenium\\webdriver\\support\\wait.py:138: TimeoutException"}, "attachments": [{"name": "log", "source": "1d1fef92-19d3-4ec4-b9ca-f19bde83bcb4-attachment.txt", "type": "text/plain"}], "parameters": [{"name": "driver", "value": "'chrome'"}], "start": 1769202587863, "stop": 1769202587863, "uuid": "8b74de24-0172-405c-8374-bf1cc0340a95", "historyId": "fe3c94f58c9ed8d9cb285da67ce5d0db", "testCaseId": "310529c96f359063fe1615ba6da44ecc", "fullName": "tests.test_add_employee#test_add_employee", "labels": [{"name": "parentSuite", "value": "tests"}, {"name": "suite", "value": "test_add_employee"}, {"name": "host", "value": "LAPTOP-FMHHMO83"}, {"name": "thread", "value": "26364-MainThread"}, {"name": "framework", "value": "pytest"}, {"name": "language", "value": "cpython3"}, {"name": "package", "value": "tests.test_add_employee"}], "titlePath": ["tests", "test_add_employee.py"]}