{"name": "test_add_employee[chrome]", "status": "broken", "statusDetails": {"message": "selenium.common.exceptions.TimeoutException: Message: \nStacktrace:\nSymbols not available. Dumping unresolved backtrace:\n\t0x7ff70fb488d5\n\t0x7ff70fb48930\n\t0x7ff70f92165d\n\t0x7ff70f979a33\n\t0x7ff70f979d3c\n\t0x7ff70f9cdf67\n\t0x7ff70f9cac97\n\t0x7ff70f96ac29\n\t0x7ff70f96ba93\n\t0x7ff70fe60620\n\t0x7ff70fe5af60\n\t0x7ff70fe796c6\n\t0x7ff70fb65dd4\n\t0x7ff70fb6ed7c\n\t0x7ff70fb51ff4\n\t0x7ff70fb521a5\n\t0x7ff70fb37ed2\n\t0x7ffd0903e8d7\n\t0x7ffd0a0ec53c", "trace": "logged_in_driver = <selenium.webdriver.chrome.webdriver.WebDriver (session=\"b679f8fe7ccae04176d4f56f63326b3e\")>\n\n    def test_add_employee(logged_in_driver):\n        driver = logged_in_driver  # Uses BASE_USERNAME / BASE_PASSWORD by default\n        print(\"Logged in\")\n    \n        # Step 1: click PIM from menu\n        menu_page = MenuPage(driver)\n        menu_page.click_pim()\n        logging.info(\"STEP 1 : Clicked PIM menu\")\n    \n        # Step 2: click Add Employee from PIM page\n        pim_page = PimPage(driver)\n        pim_page.click_add_employee(\"John\", \"Doe\")\n        logging.info(\"STEP 2 : Added employee John Doe\")\n        logging.info(driver.title)\n        pim_page.click_employee_list()\n        logging.info(\"STEP 3 : Clicked Employee List menu\")\n        pim_page.search_employee(\"John Doe\")\n        logging.info(\"STEP 4 : Searched for employee John Doe\")\n>       WebDriverWait(driver, 10).until(\n            EC.visibility_of_element_located((By.XPATH, \"//div[@class='oxd-table-body']/div\"))\n        )\n\ntests\\test_add_employee.py:31: \n_ _ _ _ _ _ _ _ _ _ _ _ _ _ _ _ _ _ _ _ _ _ _ _ _ _ _ _ _ _ _ _ _ _ _ _ _ _ _ _ _ _ _ _ _ _ _ _ _ _ _ _ _ _ _ _ _ _ _\n\nself = <selenium.webdriver.support.wait.WebDriverWait (session=\"b679f8fe7ccae04176d4f56f63326b3e\")>\nmethod = <function visibility_of_element_located.<locals>._predicate at 0x0000016B77A22950>, message = ''\n\n    def until(self, method: Callable[[D], Union[Literal[False], T]], message: str = \"\") -> T:\n        \"\"\"Wait until the method returns a value that is not False.\n    \n        Calls the method provided with the driver as an argument until the\n        return value does not evaluate to ``False``.\n    \n        Parameters:\n        -----------\n        method: callable(WebDriver)\n            - A callable object that takes a WebDriver instance as an argument.\n    \n        message: str\n            - Optional message for :exc:`TimeoutException`\n    \n        Return:\n        -------\n        object: T\n            - The result of the last call to `method`\n    \n        Raises:\n        -------\n        TimeoutException\n            - If 'method' does not return a truthy value within the WebDriverWait\n            object's timeout\n    \n        Example:\n        --------\n        >>> from selenium.webdriver.common.by import By\n        >>> from selenium.webdriver.support.ui import WebDriverWait\n        >>> from selenium.webdriver.support import expected_conditions as EC\n    \n        # Wait until an element is visible on the page\n        >>> wait = WebDriverWait(driver, 10)\n        >>> element = wait.until(EC.visibility_of_element_located((By.ID, \"exampleId\")))\n        >>> print(element.text)\n        \"\"\"\n        screen = None\n        stacktrace = None\n    \n        end_time = time.monotonic() + self._timeout\n        while True:\n            try:\n                value = method(self._driver)\n                if value:\n                    return value\n            except self._ignored_exceptions as exc:\n                screen = getattr(exc, \"screen\", None)\n                stacktrace = getattr(exc, \"stacktrace\", None)\n            if time.monotonic() > end_time:\n                break\n            time.sleep(self._poll)\n>       raise TimeoutException(message, screen, stacktrace)\nE       selenium.common.exceptions.TimeoutException: Message: \nE       Stacktrace:\nE       Symbols not available. Dumping unresolved backtrace:\nE       \t0x7ff70fb488d5\nE       \t0x7ff70fb48930\nE       \t0x7ff70f92165d\nE       \t0x7ff70f979a33\nE       \t0x7ff70f979d3c\nE       \t0x7ff70f9cdf67\nE       \t0x7ff70f9cac97\nE       \t0x7ff70f96ac29\nE       \t0x7ff70f96ba93\nE       \t0x7ff70fe60620\nE       \t0x7ff70fe5af60\nE       \t0x7ff70fe796c6\nE       \t0x7ff70fb65dd4\nE       \t0x7ff70fb6ed7c\nE       \t0x7ff70fb51ff4\nE       \t0x7ff70fb521a5\nE       \t0x7ff70fb37ed2\nE       \t0x7ffd0903e8d7\nE       \t0x7ffd0a0ec53c\n\n..\\.venv\\lib\\site-packages\\selenium\\webdriver\\support\\wait.py:138: TimeoutException"}, "attachments": [{"name": "log", "source": "54e840ba-4797-4641-9c47-48cfd2777f2b-attachment.txt", "type": "text/plain"}, {"name": "stdout", "source": "26a57837-f7e3-4362-acff-e39f46c0a68e-attachment.txt", "type": "text/plain"}], "parameters": [{"name": "driver", "value": "'chrome'"}], "start": 1768942351969, "stop": 1768942373023, "uuid": "474b13f6-ff65-4ed1-a1e0-bf59eda03182", "historyId": "fe3c94f58c9ed8d9cb285da67ce5d0db", "testCaseId": "310529c96f359063fe1615ba6da44ecc", "fullName": "tests.test_add_employee#test_add_employee", "labels": [{"name": "parentSuite", "value": "tests"}, {"name": "suite", "value": "test_add_employee"}, {"name": "host", "value": "LAPTOP-FMHHMO83"}, {"name": "thread", "value": "19196-MainThread"}, {"name": "framework", "value": "pytest"}, {"name": "language", "value": "cpython3"}, {"name": "package", "value": "tests.test_add_employee"}], "titlePath": ["tests", "test_add_employee.py"]}