{"name": "test_search[chrome]", "status": "broken", "statusDetails": {"message": "selenium.common.exceptions.TimeoutException: Message: \nStacktrace:\nSymbols not available. Dumping unresolved backtrace:\n\t0x7ff6fe2688d5\n\t0x7ff6fe268930\n\t0x7ff6fe04165d\n\t0x7ff6fe099a33\n\t0x7ff6fe099d3c\n\t0x7ff6fe0edf67\n\t0x7ff6fe0eac97\n\t0x7ff6fe08ac29\n\t0x7ff6fe08ba93\n\t0x7ff6fe580620\n\t0x7ff6fe57af60\n\t0x7ff6fe5996c6\n\t0x7ff6fe285dd4\n\t0x7ff6fe28ed7c\n\t0x7ff6fe271ff4\n\t0x7ff6fe2721a5\n\t0x7ff6fe257ed2\n\t0x7ff98d0ee8d7\n\t0x7ff98db0c53c", "trace": "login = (<selenium.webdriver.chrome.webdriver.WebDriver (session=\"a0f8461c861f74298e4291ef7a67d880\")>, {'password': 'admin123', 'username': 'Admin'})\n\n    def test_search(login):\n        driver, user = login  # Uses BASE_USERNAME / BASE_PASSWORD by default\n        print(\"Logged in as:\", user[\"username\"])\n    \n         # Navigate to PIM -> Employee List\n>       WebDriverWait(driver, 10).until(\n            EC.visibility_of_element_located((By.XPATH, \"//div[span[text()='PIM']]\"))\n        )\n\ntests\\test_search.py:12: \n_ _ _ _ _ _ _ _ _ _ _ _ _ _ _ _ _ _ _ _ _ _ _ _ _ _ _ _ _ _ _ _ _ _ _ _ _ _ _ _ _ _ _ _ _ _ _ _ _ _ _ _ _ _ _ _ _ _ _\n\nself = <selenium.webdriver.support.wait.WebDriverWait (session=\"a0f8461c861f74298e4291ef7a67d880\")>\nmethod = <function visibility_of_element_located.<locals>._predicate at 0x0000021D65BEBA30>, message = ''\n\n    def until(self, method: Callable[[D], Union[Literal[False], T]], message: str = \"\") -> T:\n        \"\"\"Wait until the method returns a value that is not False.\n    \n        Calls the method provided with the driver as an argument until the\n        return value does not evaluate to ``False``.\n    \n        Parameters:\n        -----------\n        method: callable(WebDriver)\n            - A callable object that takes a WebDriver instance as an argument.\n    \n        message: str\n            - Optional message for :exc:`TimeoutException`\n    \n        Return:\n        -------\n        object: T\n            - The result of the last call to `method`\n    \n        Raises:\n        -------\n        TimeoutException\n            - If 'method' does not return a truthy value within the WebDriverWait\n            object's timeout\n    \n        Example:\n        --------\n        >>> from selenium.webdriver.common.by import By\n        >>> from selenium.webdriver.support.ui import WebDriverWait\n        >>> from selenium.webdriver.support import expected_conditions as EC\n    \n        # Wait until an element is visible on the page\n        >>> wait = WebDriverWait(driver, 10)\n        >>> element = wait.until(EC.visibility_of_element_located((By.ID, \"exampleId\")))\n        >>> print(element.text)\n        \"\"\"\n        screen = None\n        stacktrace = None\n    \n        end_time = time.monotonic() + self._timeout\n        while True:\n            try:\n                value = method(self._driver)\n                if value:\n                    return value\n            except self._ignored_exceptions as exc:\n                screen = getattr(exc, \"screen\", None)\n                stacktrace = getattr(exc, \"stacktrace\", None)\n            if time.monotonic() > end_time:\n                break\n            time.sleep(self._poll)\n>       raise TimeoutException(message, screen, stacktrace)\nE       selenium.common.exceptions.TimeoutException: Message: \nE       Stacktrace:\nE       Symbols not available. Dumping unresolved backtrace:\nE       \t0x7ff6fe2688d5\nE       \t0x7ff6fe268930\nE       \t0x7ff6fe04165d\nE       \t0x7ff6fe099a33\nE       \t0x7ff6fe099d3c\nE       \t0x7ff6fe0edf67\nE       \t0x7ff6fe0eac97\nE       \t0x7ff6fe08ac29\nE       \t0x7ff6fe08ba93\nE       \t0x7ff6fe580620\nE       \t0x7ff6fe57af60\nE       \t0x7ff6fe5996c6\nE       \t0x7ff6fe285dd4\nE       \t0x7ff6fe28ed7c\nE       \t0x7ff6fe271ff4\nE       \t0x7ff6fe2721a5\nE       \t0x7ff6fe257ed2\nE       \t0x7ff98d0ee8d7\nE       \t0x7ff98db0c53c\n\n..\\.venv\\lib\\site-packages\\selenium\\webdriver\\support\\wait.py:138: TimeoutException"}, "attachments": [{"name": "log", "source": "787fc9d9-8f43-41ab-bfd4-dc103c75595e-attachment.txt", "type": "text/plain"}, {"name": "stdout", "source": "fdf1847d-20e7-4394-9ed7-534fdbeac08c-attachment.txt", "type": "text/plain"}], "parameters": [{"name": "driver", "value": "'chrome'"}], "start": 1768591204381, "stop": 1768591214456, "uuid": "13f26e09-40ef-4bfa-839e-32b09770aa03", "historyId": "bd10f9d0dc96c2dd2610de023f4cb91c", "testCaseId": "8c85d9efe15df9c4e49fd61a4b206ce7", "fullName": "tests.test_search#test_search", "labels": [{"name": "parentSuite", "value": "tests"}, {"name": "suite", "value": "test_search"}, {"name": "host", "value": "LAPTOP-FMHHMO83"}, {"name": "thread", "value": "14824-MainThread"}, {"name": "framework", "value": "pytest"}, {"name": "language", "value": "cpython3"}, {"name": "package", "value": "tests.test_search"}], "titlePath": ["tests", "test_search.py"]}