{"name": "test_login_with_users[chrome-login0]", "status": "broken", "statusDetails": {"message": "selenium.common.exceptions.TimeoutException: Message: \nStacktrace:\nSymbols not available. Dumping unresolved backtrace:\n\t0x7ff68f9288e5\n\t0x7ff68f928940\n\t0x7ff68f70165d\n\t0x7ff68f759a33\n\t0x7ff68f759d3c\n\t0x7ff68f7adf67\n\t0x7ff68f7aac97\n\t0x7ff68f74ac29\n\t0x7ff68f74ba93\n\t0x7ff68fc40640\n\t0x7ff68fc3af80\n\t0x7ff68fc596e6\n\t0x7ff68f945de4\n\t0x7ff68f94ed8c\n\t0x7ff68f932004\n\t0x7ff68f9321b5\n\t0x7ff68f917ee2\n\t0x7ff98746e8d7\n\t0x7ff988d4c53c", "trace": "request = <SubRequest 'login' for <Function test_login_with_users[chrome-login0]>>\ndriver = <selenium.webdriver.chrome.webdriver.WebDriver (session=\"91ddd799206db9fbca9609b2a62ddda5\")>\nbase_url = 'https://opensource-demo.orangehrmlive.com/web/index.php/auth/login'\n\n    @pytest.fixture\n    def login(request, driver, base_url ):\n        \"\"\"\n        Log in before each test function.\n        Uses parametrize values from the test.\n        \"\"\"\n        username = request.param[\"username\"]\n        password = request.param[\"password\"]\n        print(\"Logging in with \", username, password)\n    \n        driver.get(base_url)\n        timeout = 5\n        # Wait until username field is visible\n>       WebDriverWait(driver, timeout).until(\n            EC.visibility_of_element_located((By.CSS_SELECTOR, \"input[name='username']\"))\n        )\n\nconftest.py:60: \n_ _ _ _ _ _ _ _ _ _ _ _ _ _ _ _ _ _ _ _ _ _ _ _ _ _ _ _ _ _ _ _ _ _ _ _ _ _ _ _ _ _ _ _ _ _ _ _ _ _ _ _ _ _ _ _\n\nself = <selenium.webdriver.support.wait.WebDriverWait (session=\"91ddd799206db9fbca9609b2a62ddda5\")>\nmethod = <function visibility_of_element_located.<locals>._predicate at 0x0000015BC8F5B7F0>, message = ''\n\n    def until(self, method: Callable[[D], Union[Literal[False], T]], message: str = \"\") -> T:\n        \"\"\"Wait until the method returns a value that is not False.\n    \n        Calls the method provided with the driver as an argument until the\n        return value does not evaluate to ``False``.\n    \n        Parameters:\n        -----------\n        method: callable(WebDriver)\n            - A callable object that takes a WebDriver instance as an argument.\n    \n        message: str\n            - Optional message for :exc:`TimeoutException`\n    \n        Return:\n        -------\n        object: T\n            - The result of the last call to `method`\n    \n        Raises:\n        -------\n        TimeoutException\n            - If 'method' does not return a truthy value within the WebDriverWait\n            object's timeout\n    \n        Example:\n        --------\n        >>> from selenium.webdriver.common.by import By\n        >>> from selenium.webdriver.support.ui import WebDriverWait\n        >>> from selenium.webdriver.support import expected_conditions as EC\n    \n        # Wait until an element is visible on the page\n        >>> wait = WebDriverWait(driver, 10)\n        >>> element = wait.until(EC.visibility_of_element_located((By.ID, \"exampleId\")))\n        >>> print(element.text)\n        \"\"\"\n        screen = None\n        stacktrace = None\n    \n        end_time = time.monotonic() + self._timeout\n        while True:\n            try:\n                value = method(self._driver)\n                if value:\n                    return value\n            except self._ignored_exceptions as exc:\n                screen = getattr(exc, \"screen\", None)\n                stacktrace = getattr(exc, \"stacktrace\", None)\n            if time.monotonic() > end_time:\n                break\n            time.sleep(self._poll)\n>       raise TimeoutException(message, screen, stacktrace)\nE       selenium.common.exceptions.TimeoutException: Message: \nE       Stacktrace:\nE       Symbols not available. Dumping unresolved backtrace:\nE       \t0x7ff68f9288e5\nE       \t0x7ff68f928940\nE       \t0x7ff68f70165d\nE       \t0x7ff68f759a33\nE       \t0x7ff68f759d3c\nE       \t0x7ff68f7adf67\nE       \t0x7ff68f7aac97\nE       \t0x7ff68f74ac29\nE       \t0x7ff68f74ba93\nE       \t0x7ff68fc40640\nE       \t0x7ff68fc3af80\nE       \t0x7ff68fc596e6\nE       \t0x7ff68f945de4\nE       \t0x7ff68f94ed8c\nE       \t0x7ff68f932004\nE       \t0x7ff68f9321b5\nE       \t0x7ff68f917ee2\nE       \t0x7ff98746e8d7\nE       \t0x7ff988d4c53c\n\n..\\.venv\\lib\\site-packages\\selenium\\webdriver\\support\\wait.py:138: TimeoutException"}, "attachments": [{"name": "log", "source": "974648c3-4e9b-4bcb-9757-bf5dede75f78-attachment.txt", "type": "text/plain"}, {"name": "stdout", "source": "f6d49591-13db-4aca-95d1-abbd470fbec8-attachment.txt", "type": "text/plain"}], "parameters": [{"name": "driver", "value": "'chrome'"}, {"name": "login", "value": "{'username': 'Admin', 'password': 'admin123'}"}], "start": 1767647426732, "stop": 1767647426732, "uuid": "f02d1e5a-62fd-4fd8-a9d3-67cab87553a9", "historyId": "4fefadad38264466b30ae5d2034a2803", "testCaseId": "8dd87ce10d1db8d5959628eb236d98fe", "fullName": "tests.test_login#test_login_with_users", "labels": [{"name": "parentSuite", "value": "tests"}, {"name": "suite", "value": "test_login"}, {"name": "host", "value": "LAPTOP-FMHHMO83"}, {"name": "thread", "value": "24404-MainThread"}, {"name": "framework", "value": "pytest"}, {"name": "language", "value": "cpython3"}, {"name": "package", "value": "tests.test_login"}], "titlePath": ["tests", "test_login.py"]}