[32mINFO    [0m root:conftest.py:27 []
[32mINFO    [0m root:conftest.py:36 Running on chrome browser
[32mINFO    [0m root:base_page.py:27 Entered text in: Username field
[32mINFO    [0m root:base_page.py:27 Entered text in: Password field
[32mINFO    [0m root:base_page.py:18 Clicked: Login button
[32mINFO    [0m root:base_page.py:18 Clicked: PIM menu
[32mINFO    [0m root:base_page.py:56 Found element for: 
[32mINFO    [0m root:test_add_employee.py:21 STEP 1 : Clicked PIM menu
[32mINFO    [0m root:base_page.py:18 Clicked: Add Employee button
[1m[31mERROR   [0m root:base_page.py:59 Find element failed - First Name field
[1m[31mERROR   [0m root:base_page.py:64 Find element failed - First Name field
[1m[31mERROR   [0m root:base_page.py:65 Message: Compound class names are not allowed.; For documentation on this error, please visit: https://www.selenium.dev/documentation/webdriver/troubleshooting/errors#invalidselectorexception
Traceback (most recent call last):
  File "C:\Users\eksri\NMMProject\UIProject\pages\base_page.py", line 55, in find_element
    element = self.wait.until(EC.presence_of_element_located(locator))
  File "c:\Users\eksri\NMMProject\.venv\lib\site-packages\selenium\webdriver\support\wait.py", line 129, in until
    value = method(self._driver)
  File "c:\Users\eksri\NMMProject\.venv\lib\site-packages\selenium\webdriver\support\expected_conditions.py", line 104, in _predicate
    return driver.find_element(*locator)
  File "c:\Users\eksri\NMMProject\.venv\lib\site-packages\selenium\webdriver\remote\webdriver.py", line 918, in find_element
    by, value = self.locator_converter.convert(by, value)
  File "c:\Users\eksri\NMMProject\.venv\lib\site-packages\selenium\webdriver\remote\locator_converter.py", line 29, in convert
    raise InvalidSelectorException("Compound class names are not allowed.")
selenium.common.exceptions.InvalidSelectorException: Message: Compound class names are not allowed.; For documentation on this error, please visit: https://www.selenium.dev/documentation/webdriver/troubleshooting/errors#invalidselectorexception