{"name": "test_add_employee[chrome]", "status": "broken", "statusDetails": {"message": "selenium.common.exceptions.TimeoutException: Message: \nStacktrace:\nSymbols not available. Dumping unresolved backtrace:\n\t0x7ff7c13888d5\n\t0x7ff7c1388930\n\t0x7ff7c116165d\n\t0x7ff7c11b9a33\n\t0x7ff7c11b9d3c\n\t0x7ff7c120df67\n\t0x7ff7c120ac97\n\t0x7ff7c11aac29\n\t0x7ff7c11aba93\n\t0x7ff7c16a0620\n\t0x7ff7c169af60\n\t0x7ff7c16b96c6\n\t0x7ff7c13a5dd4\n\t0x7ff7c13aed7c\n\t0x7ff7c1391ff4\n\t0x7ff7c13921a5\n\t0x7ff7c1377ed2\n\t0x7ff98d0ee8d7\n\t0x7ff98db0c53c", "trace": "logged_in_driver = <selenium.webdriver.chrome.webdriver.WebDriver (session=\"746ed83e8700cc763de6306a8f707b0d\")>\n\n    def test_add_employee(logged_in_driver):\n        driver = logged_in_driver  # Uses BASE_USERNAME / BASE_PASSWORD by default\n        print(\"Logged in\")\n    \n        # Step 1: click PIM from menu\n        menu_page = MenuPage(driver)\n        menu_page.click_pim()\n        logging.info(\"STEP 1 : Clicked PIM menu\")\n    \n        # Step 2: click Add Employee from PIM page\n        pim_page = PimPage(driver)\n        pim_page.click_add_employee(\"John\", \"Doe\")\n        logging.info(\"STEP 2 : Added employee John Doe\")\n    \n        # Step 3: Search for an employee\n>       pim_page.search_employee(\"John Doe\")\n\ntests\\test_add_employee.py:24: \n_ _ _ _ _ _ _ _ _ _ _ _ _ _ _ _ _ _ _ _ _ _ _ _ _ _ _ _ _ _ _ _ _ _ _ _ _ _ _ _ _ _ _ _ _ _ _ _ _ _ _ _ _ _ _ _ _ _ _\npages\\pim_page.py:26: in search_employee\n    self.send_keys(self.EMPLOYEE_NAME_INPUT, employee_name, \"Employee Name input\")\npages\\base_page.py:27: in send_keys\n    self._handle_error(\"Send keys failed\", description, e)\npages\\base_page.py:22: in send_keys\n    element = self.wait.until(EC.visibility_of_element_located(locator))\n_ _ _ _ _ _ _ _ _ _ _ _ _ _ _ _ _ _ _ _ _ _ _ _ _ _ _ _ _ _ _ _ _ _ _ _ _ _ _ _ _ _ _ _ _ _ _ _ _ _ _ _ _ _ _ _ _ _ _\n\nself = <selenium.webdriver.support.wait.WebDriverWait (session=\"746ed83e8700cc763de6306a8f707b0d\")>\nmethod = <function visibility_of_element_located.<locals>._predicate at 0x000002833AD56C20>, message = ''\n\n    def until(self, method: Callable[[D], Union[Literal[False], T]], message: str = \"\") -> T:\n        \"\"\"Wait until the method returns a value that is not False.\n    \n        Calls the method provided with the driver as an argument until the\n        return value does not evaluate to ``False``.\n    \n        Parameters:\n        -----------\n        method: callable(WebDriver)\n            - A callable object that takes a WebDriver instance as an argument.\n    \n        message: str\n            - Optional message for :exc:`TimeoutException`\n    \n        Return:\n        -------\n        object: T\n            - The result of the last call to `method`\n    \n        Raises:\n        -------\n        TimeoutException\n            - If 'method' does not return a truthy value within the WebDriverWait\n            object's timeout\n    \n        Example:\n        --------\n        >>> from selenium.webdriver.common.by import By\n        >>> from selenium.webdriver.support.ui import WebDriverWait\n        >>> from selenium.webdriver.support import expected_conditions as EC\n    \n        # Wait until an element is visible on the page\n        >>> wait = WebDriverWait(driver, 10)\n        >>> element = wait.until(EC.visibility_of_element_located((By.ID, \"exampleId\")))\n        >>> print(element.text)\n        \"\"\"\n        screen = None\n        stacktrace = None\n    \n        end_time = time.monotonic() + self._timeout\n        while True:\n            try:\n                value = method(self._driver)\n                if value:\n                    return value\n            except self._ignored_exceptions as exc:\n                screen = getattr(exc, \"screen\", None)\n                stacktrace = getattr(exc, \"stacktrace\", None)\n            if time.monotonic() > end_time:\n                break\n            time.sleep(self._poll)\n>       raise TimeoutException(message, screen, stacktrace)\nE       selenium.common.exceptions.TimeoutException: Message: \nE       Stacktrace:\nE       Symbols not available. Dumping unresolved backtrace:\nE       \t0x7ff7c13888d5\nE       \t0x7ff7c1388930\nE       \t0x7ff7c116165d\nE       \t0x7ff7c11b9a33\nE       \t0x7ff7c11b9d3c\nE       \t0x7ff7c120df67\nE       \t0x7ff7c120ac97\nE       \t0x7ff7c11aac29\nE       \t0x7ff7c11aba93\nE       \t0x7ff7c16a0620\nE       \t0x7ff7c169af60\nE       \t0x7ff7c16b96c6\nE       \t0x7ff7c13a5dd4\nE       \t0x7ff7c13aed7c\nE       \t0x7ff7c1391ff4\nE       \t0x7ff7c13921a5\nE       \t0x7ff7c1377ed2\nE       \t0x7ff98d0ee8d7\nE       \t0x7ff98db0c53c\n\n..\\.venv\\lib\\site-packages\\selenium\\webdriver\\support\\wait.py:138: TimeoutException"}, "attachments": [{"name": "log", "source": "597900b7-5d5b-4fb2-a8f6-a255f5d6867b-attachment.txt", "type": "text/plain"}, {"name": "stdout", "source": "0735ac77-a2e6-452b-9b3d-8efca9b632e8-attachment.txt", "type": "text/plain"}], "parameters": [{"name": "driver", "value": "'chrome'"}], "start": 1768756662194, "stop": 1768756678439, "uuid": "8bda98ef-f5fd-415d-9063-bc64d17a3f74", "historyId": "fe3c94f58c9ed8d9cb285da67ce5d0db", "testCaseId": "310529c96f359063fe1615ba6da44ecc", "fullName": "tests.test_add_employee#test_add_employee", "labels": [{"name": "parentSuite", "value": "tests"}, {"name": "suite", "value": "test_add_employee"}, {"name": "host", "value": "LAPTOP-FMHHMO83"}, {"name": "thread", "value": "20064-MainThread"}, {"name": "framework", "value": "pytest"}, {"name": "language", "value": "cpython3"}, {"name": "package", "value": "tests.test_add_employee"}], "titlePath": ["tests", "test_add_employee.py"]}