[32mINFO    [0m root:conftest.py:27 []
[32mINFO    [0m root:conftest.py:36 Running on chrome browser
[32mINFO    [0m root:base_page.py:25 Entered text in: Username field
[32mINFO    [0m root:base_page.py:25 Entered text in: Password field
[32mINFO    [0m root:base_page.py:16 Clicked: Login button
[32mINFO    [0m root:base_page.py:16 Clicked: PIM menu
[32mINFO    [0m root:test_add_employee.py:20 STEP 1 : Clicked PIM menu
[32mINFO    [0m root:base_page.py:16 Clicked: Add Employee button
[32mINFO    [0m root:base_page.py:25 Entered text in: First Name field
[32mINFO    [0m root:base_page.py:25 Entered text in: Last Name field
[31m[1mERROR   [0m root:base_page.py:44 Click failed - Save Employee button
[31m[1mERROR   [0m root:base_page.py:45 Message: element click intercepted: Element <button data-v-10d463b7="" data-v-304890b0="" type="submit" class="oxd-button oxd-button--medium oxd-button--secondary orangehrm-left-space">...</button> is not clickable at point (1147, 497). Other element would receive the click: <div data-v-d5bfe35b="" class="oxd-form-loader">...</div>
  (Session info: chrome=143.0.7499.194); For documentation on this error, please visit: https://www.selenium.dev/documentation/webdriver/troubleshooting/errors#elementclickinterceptedexception
Stacktrace:
Symbols not available. Dumping unresolved backtrace:
	0x7ff70fb488d5
	0x7ff70fb48930
	0x7ff70f92165d
	0x7ff70f9819e8
	0x7ff70f97f40f
	0x7ff70f97c417
	0x7ff70f97b338
	0x7ff70f96ce7f
	0x7ff70f9a1fda
	0x7ff70f96c746
	0x7ff70f9cac97
	0x7ff70f96ac29
	0x7ff70f96ba93
	0x7ff70fe60620
	0x7ff70fe5af60
	0x7ff70fe796c6
	0x7ff70fb65dd4
	0x7ff70fb6ed7c
	0x7ff70fb51ff4
	0x7ff70fb521a5
	0x7ff70fb37ed2
	0x7ffd0903e8d7
	0x7ffd0a0ec53c
Traceback (most recent call last):
  File "C:\Users\eksri\NMMProject\UIProject\pages\base_page.py", line 15, in click
    element.click()
  File "c:\Users\eksri\NMMProject\.venv\lib\site-packages\selenium\webdriver\remote\webelement.py", line 119, in click
    self._execute(Command.CLICK_ELEMENT)
  File "c:\Users\eksri\NMMProject\.venv\lib\site-packages\selenium\webdriver\remote\webelement.py", line 572, in _execute
    return self._parent.execute(command, params)
  File "c:\Users\eksri\NMMProject\.venv\lib\site-packages\selenium\webdriver\remote\webdriver.py", line 458, in execute
    self.error_handler.check_response(response)
  File "c:\Users\eksri\NMMProject\.venv\lib\site-packages\selenium\webdriver\remote\errorhandler.py", line 233, in check_response
    raise exception_class(message, screen, stacktrace)
selenium.common.exceptions.ElementClickInterceptedException: Message: element click intercepted: Element <button data-v-10d463b7="" data-v-304890b0="" type="submit" class="oxd-button oxd-button--medium oxd-button--secondary orangehrm-left-space">...</button> is not clickable at point (1147, 497). Other element would receive the click: <div data-v-d5bfe35b="" class="oxd-form-loader">...</div>
  (Session info: chrome=143.0.7499.194); For documentation on this error, please visit: https://www.selenium.dev/documentation/webdriver/troubleshooting/errors#elementclickinterceptedexception
Stacktrace:
Symbols not available. Dumping unresolved backtrace:
	0x7ff70fb488d5
	0x7ff70fb48930
	0x7ff70f92165d
	0x7ff70f9819e8
	0x7ff70f97f40f
	0x7ff70f97c417
	0x7ff70f97b338
	0x7ff70f96ce7f
	0x7ff70f9a1fda
	0x7ff70f96c746
	0x7ff70f9cac97
	0x7ff70f96ac29
	0x7ff70f96ba93
	0x7ff70fe60620
	0x7ff70fe5af60
	0x7ff70fe796c6
	0x7ff70fb65dd4
	0x7ff70fb6ed7c
	0x7ff70fb51ff4
	0x7ff70fb521a5
	0x7ff70fb37ed2
	0x7ffd0903e8d7
	0x7ffd0a0ec53c