{"name": "test_search[chrome]", "status": "broken", "statusDetails": {"message": "selenium.common.exceptions.NoSuchElementException: Message: no such element: Unable to locate element: {\"method\":\"link text\",\"selector\":\"Employee List\"}\n  (Session info: chrome=143.0.7499.194); For documentation on this error, please visit: https://www.selenium.dev/documentation/webdriver/troubleshooting/errors#nosuchelementexception\nStacktrace:\nSymbols not available. Dumping unresolved backtrace:\n\t0x7ff6fe2688d5\n\t0x7ff6fe268930\n\t0x7ff6fe04165d\n\t0x7ff6fe099a33\n\t0x7ff6fe099d3c\n\t0x7ff6fe0edf67\n\t0x7ff6fe0eac97\n\t0x7ff6fe08ac29\n\t0x7ff6fe08ba93\n\t0x7ff6fe580620\n\t0x7ff6fe57af60\n\t0x7ff6fe5996c6\n\t0x7ff6fe285dd4\n\t0x7ff6fe28ed7c\n\t0x7ff6fe271ff4\n\t0x7ff6fe2721a5\n\t0x7ff6fe257ed2\n\t0x7ff98d0ee8d7\n\t0x7ff98db0c53c", "trace": "login = (<selenium.webdriver.chrome.webdriver.WebDriver (session=\"822ad7d52cd0d7799f76d5d74ad78337\")>, {'password': 'admin123', 'username': 'Admin'})\n\n    def test_search(login):\n        driver, user = login  # Uses BASE_USERNAME / BASE_PASSWORD by default\n        print(\"Logged in as:\", user[\"username\"])\n    \n         # Navigate to PIM -> Employee List\n        WebDriverWait(driver, 10).until(\n            EC.visibility_of_element_located((By.XPATH, \"//a[span[text()='PIM']]\"))\n        )\n        pim_menu = driver.find_element(By.XPATH, \"//a[span[text()='PIM']]\")\n        pim_menu.click()\n        #driver.execute_script(\"arguments[0].click();\", pim_menu)\n    \n        logging.info(\"Navigated to PIM section\")\n>       employee_link = driver.find_element(By.LINK_TEXT, \"Employee List\")\n\ntests\\test_search.py:20: \n_ _ _ _ _ _ _ _ _ _ _ _ _ _ _ _ _ _ _ _ _ _ _ _ _ _ _ _ _ _ _ _ _ _ _ _ _ _ _ _ _ _ _ _ _ _ _ _ _ _ _ _ _ _ _ _ _ _ _\n..\\.venv\\lib\\site-packages\\selenium\\webdriver\\remote\\webdriver.py:926: in find_element\n    return self.execute(Command.FIND_ELEMENT, {\"using\": by, \"value\": value})[\"value\"]\n..\\.venv\\lib\\site-packages\\selenium\\webdriver\\remote\\webdriver.py:458: in execute\n    self.error_handler.check_response(response)\n_ _ _ _ _ _ _ _ _ _ _ _ _ _ _ _ _ _ _ _ _ _ _ _ _ _ _ _ _ _ _ _ _ _ _ _ _ _ _ _ _ _ _ _ _ _ _ _ _ _ _ _ _ _ _ _ _ _ _\n\nself = <selenium.webdriver.remote.errorhandler.ErrorHandler object at 0x0000017BB1038A00>\nresponse = {'status': 404, 'value': '{\"value\":{\"error\":\"no such element\",\"message\":\"no such element: Unable to locate element: {\\...ff6fe28ed7c\\\\n\\\\t0x7ff6fe271ff4\\\\n\\\\t0x7ff6fe2721a5\\\\n\\\\t0x7ff6fe257ed2\\\\n\\\\t0x7ff98d0ee8d7\\\\n\\\\t0x7ff98db0c53c\\\\n\"}}'}\n\n    def check_response(self, response: dict[str, Any]) -> None:\n        \"\"\"Checks that a JSON response from the WebDriver does not have an\n        error.\n    \n        Args:\n            response: The JSON response from the WebDriver server as a dictionary\n                object.\n    \n        Raises:\n            WebDriverException: If the response contains an error message.\n        \"\"\"\n        status = response.get(\"status\", None)\n        if not status or status == ErrorCode.SUCCESS:\n            return\n        value = None\n        message = response.get(\"message\", \"\")\n        screen: str = response.get(\"screen\", \"\")\n        stacktrace = None\n        if isinstance(status, int):\n            value_json = response.get(\"value\", None)\n            if value_json and isinstance(value_json, str):\n                try:\n                    value = json.loads(value_json)\n                    if isinstance(value, dict):\n                        if len(value) == 1:\n                            value = value[\"value\"]\n                        status = value.get(\"error\", None)\n                        if not status:\n                            status = value.get(\"status\", ErrorCode.UNKNOWN_ERROR)\n                            message = value.get(\"value\") or value.get(\"message\")\n                            if not isinstance(message, str):\n                                value = message\n                                message = message.get(\"message\") if isinstance(message, dict) else None\n                        else:\n                            message = value.get(\"message\", None)\n                except ValueError:\n                    pass\n    \n        exception_class: type[WebDriverException]\n        e = ErrorCode()\n        error_codes = [item for item in dir(e) if not item.startswith(\"__\")]\n        for error_code in error_codes:\n            error_info = getattr(ErrorCode, error_code)\n            if isinstance(error_info, list) and status in error_info:\n                exception_class = getattr(ExceptionMapping, error_code, WebDriverException)\n                break\n        else:\n            exception_class = WebDriverException\n    \n        if not value:\n            value = response[\"value\"]\n        if isinstance(value, str):\n            raise exception_class(value)\n        if message == \"\" and \"message\" in value:\n            message = value[\"message\"]\n    \n        screen = None  # type: ignore[assignment]\n        if \"screen\" in value:\n            screen = value[\"screen\"]\n    \n        stacktrace = None\n        st_value = value.get(\"stackTrace\") or value.get(\"stacktrace\")\n        if st_value:\n            if isinstance(st_value, str):\n                stacktrace = st_value.split(\"\\n\")\n            else:\n                stacktrace = []\n                try:\n                    for frame in st_value:\n                        line = frame.get(\"lineNumber\", \"\")\n                        file = frame.get(\"fileName\", \"<anonymous>\")\n                        if line:\n                            file = f\"{file}:{line}\"\n                        meth = frame.get(\"methodName\", \"<anonymous>\")\n                        if \"className\" in frame:\n                            meth = f\"{frame['className']}.{meth}\"\n                        msg = \"    at %s (%s)\"\n                        msg = msg % (meth, file)\n                        stacktrace.append(msg)\n                except TypeError:\n                    pass\n        if exception_class == UnexpectedAlertPresentException:\n            alert_text = None\n            if \"data\" in value:\n                alert_text = value[\"data\"].get(\"text\")\n            elif \"alert\" in value:\n                alert_text = value[\"alert\"].get(\"text\")\n            raise exception_class(message, screen, stacktrace, alert_text)  # type: ignore[call-arg]  # mypy is not smart enough here\n>       raise exception_class(message, screen, stacktrace)\nE       selenium.common.exceptions.NoSuchElementException: Message: no such element: Unable to locate element: {\"method\":\"link text\",\"selector\":\"Employee List\"}\nE         (Session info: chrome=143.0.7499.194); For documentation on this error, please visit: https://www.selenium.dev/documentation/webdriver/troubleshooting/errors#nosuchelementexception\nE       Stacktrace:\nE       Symbols not available. Dumping unresolved backtrace:\nE       \t0x7ff6fe2688d5\nE       \t0x7ff6fe268930\nE       \t0x7ff6fe04165d\nE       \t0x7ff6fe099a33\nE       \t0x7ff6fe099d3c\nE       \t0x7ff6fe0edf67\nE       \t0x7ff6fe0eac97\nE       \t0x7ff6fe08ac29\nE       \t0x7ff6fe08ba93\nE       \t0x7ff6fe580620\nE       \t0x7ff6fe57af60\nE       \t0x7ff6fe5996c6\nE       \t0x7ff6fe285dd4\nE       \t0x7ff6fe28ed7c\nE       \t0x7ff6fe271ff4\nE       \t0x7ff6fe2721a5\nE       \t0x7ff6fe257ed2\nE       \t0x7ff98d0ee8d7\nE       \t0x7ff98db0c53c\n\n..\\.venv\\lib\\site-packages\\selenium\\webdriver\\remote\\errorhandler.py:233: NoSuchElementException"}, "attachments": [{"name": "log", "source": "00383a50-746a-4390-877b-ab1c90fc7e5b-attachment.txt", "type": "text/plain"}, {"name": "stdout", "source": "6d311e8c-2645-4e32-b732-b74ba48c70e9-attachment.txt", "type": "text/plain"}], "parameters": [{"name": "driver", "value": "'chrome'"}], "start": 1768591484472, "stop": 1768591485914, "uuid": "1623d6d2-a1af-4cee-ba4a-66661fd871ad", "historyId": "bd10f9d0dc96c2dd2610de023f4cb91c", "testCaseId": "8c85d9efe15df9c4e49fd61a4b206ce7", "fullName": "tests.test_search#test_search", "labels": [{"name": "parentSuite", "value": "tests"}, {"name": "suite", "value": "test_search"}, {"name": "host", "value": "LAPTOP-FMHHMO83"}, {"name": "thread", "value": "25112-MainThread"}, {"name": "framework", "value": "pytest"}, {"name": "language", "value": "cpython3"}, {"name": "package", "value": "tests.test_search"}], "titlePath": ["tests", "test_search.py"]}