{"name": "test_add_employee[chrome]", "status": "failed", "statusDetails": {"message": "AssertionError: Employee John Doe not found in search results\nassert False\n +  where False = verify_employee_in_results('John')\n +    where verify_employee_in_results = <UIProject.pages.pim_page.PimPage object at 0x000001E63206B8E0>.verify_employee_in_results", "trace": "logged_in_driver = <selenium.webdriver.chrome.webdriver.WebDriver (session=\"e056ee34fb7b6c98b9713df1f940a8cb\")>\n\n    def test_add_employee(logged_in_driver):\n        driver = logged_in_driver  # Uses BASE_USERNAME / BASE_PASSWORD by default\n        print(\"Logged in\")\n    \n        # Step 1: click PIM from menu\n        menu_page = MenuPage(driver)\n        menu_page.click_pim()\n        assert menu_page.is_pim_menu_opened(), \"PIM menu is not opened\"\n        logging.info(\"STEP 1 : Clicked PIM menu\")\n    \n        # Step 2: click Add Employee from PIM page\n        pim_page = PimPage(driver)\n        pim_page.click_add_employee(\"John\", \"Doe\")\n        logging.info(\"STEP 2 : Added employee John Doe\")\n    \n        pim_page.click_employee_list()\n        assert pim_page.is_employee_list_opened(), \"Employee List page did not open\"\n        logging.info(\"STEP 3 : Clicked Employee List menu\")\n    \n        pim_page.search_employee(\"John Doe\")\n>       assert pim_page.verify_employee_in_results(\"John\"), \"Employee John Doe not found in search results\"\nE       AssertionError: Employee John Doe not found in search results\nE       assert False\nE        +  where False = verify_employee_in_results('John')\nE        +    where verify_employee_in_results = <UIProject.pages.pim_page.PimPage object at 0x000001E63206B8E0>.verify_employee_in_results\n\ntests\\test_add_employee.py:33: AssertionError"}, "attachments": [{"name": "log", "source": "48e085de-b49d-4c62-a769-c4903cca75f5-attachment.txt", "type": "text/plain"}, {"name": "stdout", "source": "3ae70ca8-a4c9-4e57-8493-aa31242d9210-attachment.txt", "type": "text/plain"}], "parameters": [{"name": "driver", "value": "'chrome'"}], "start": 1769631377792, "stop": 1769631391346, "uuid": "f27b7348-69c1-4fed-8269-0867a1c6e529", "historyId": "fe3c94f58c9ed8d9cb285da67ce5d0db", "testCaseId": "310529c96f359063fe1615ba6da44ecc", "fullName": "tests.test_add_employee#test_add_employee", "labels": [{"name": "parentSuite", "value": "tests"}, {"name": "suite", "value": "test_add_employee"}, {"name": "host", "value": "LAPTOP-FMHHMO83"}, {"name": "thread", "value": "30688-MainThread"}, {"name": "framework", "value": "pytest"}, {"name": "language", "value": "cpython3"}, {"name": "package", "value": "tests.test_add_employee"}], "titlePath": ["tests", "test_add_employee.py"]}