{"name": "test_login_with_users[chrome-login0]", "status": "broken", "statusDetails": {"message": "selenium.common.exceptions.NoSuchElementException: Message: no such element: Unable to locate element: {\"method\":\"css selector\",\"selector\":\"[id=\"user-name\"]\"}\n  (Session info: chrome=143.0.7499.170); For documentation on this error, please visit: https://www.selenium.dev/documentation/webdriver/troubleshooting/errors#nosuchelementexception\nStacktrace:\nSymbols not available. Dumping unresolved backtrace:\n\t0x7ff60f7088e5\n\t0x7ff60f708940\n\t0x7ff60f4e165d\n\t0x7ff60f539a33\n\t0x7ff60f539d3c\n\t0x7ff60f58df67\n\t0x7ff60f58ac97\n\t0x7ff60f52ac29\n\t0x7ff60f52ba93\n\t0x7ff60fa20640\n\t0x7ff60fa1af80\n\t0x7ff60fa396e6\n\t0x7ff60f725de4\n\t0x7ff60f72ed8c\n\t0x7ff60f712004\n\t0x7ff60f7121b5\n\t0x7ff60f6f7ee2\n\t0x7ff98746e8d7\n\t0x7ff988d4c53c", "trace": "request = <SubRequest 'login' for <Function test_login_with_users[chrome-login0]>>\ndriver = <selenium.webdriver.chrome.webdriver.WebDriver (session=\"ab3c2c6404b1b6e9622096f8027a7f1d\")>\nbase_url = 'https://a404cb5b-fc3a-46d1-a8cc-6f72f08d71db.mock.pstmn.io'\n\n    @pytest.fixture\n    def login(request, driver, base_url ):\n        \"\"\"\n        Log in before each test function.\n        Uses parametrize values from the test.\n        \"\"\"\n        username = request.param[\"username\"]\n        password = request.param[\"password\"]\n    \n    \n        driver.get(base_url)\n    \n>       driver.find_element(By.ID, \"user-name\").send_keys(username)\n\nconftest.py:57: \n_ _ _ _ _ _ _ _ _ _ _ _ _ _ _ _ _ _ _ _ _ _ _ _ _ _ _ _ _ _ _ _ _ _ _ _ _ _ _ _ _ _ _ _ _ _ _ _ _ _ _ _ _ _ _ _\n..\\.venv\\lib\\site-packages\\selenium\\webdriver\\remote\\webdriver.py:926: in find_element\n    return self.execute(Command.FIND_ELEMENT, {\"using\": by, \"value\": value})[\"value\"]\n..\\.venv\\lib\\site-packages\\selenium\\webdriver\\remote\\webdriver.py:458: in execute\n    self.error_handler.check_response(response)\n_ _ _ _ _ _ _ _ _ _ _ _ _ _ _ _ _ _ _ _ _ _ _ _ _ _ _ _ _ _ _ _ _ _ _ _ _ _ _ _ _ _ _ _ _ _ _ _ _ _ _ _ _ _ _ _\n\nself = <selenium.webdriver.remote.errorhandler.ErrorHandler object at 0x000002EBC72CE170>\nresponse = {'status': 404, 'value': '{\"value\":{\"error\":\"no such element\",\"message\":\"no such element: Unable to locate element: {\\...ff60f72ed8c\\\\n\\\\t0x7ff60f712004\\\\n\\\\t0x7ff60f7121b5\\\\n\\\\t0x7ff60f6f7ee2\\\\n\\\\t0x7ff98746e8d7\\\\n\\\\t0x7ff988d4c53c\\\\n\"}}'}\n\n    def check_response(self, response: dict[str, Any]) -> None:\n        \"\"\"Checks that a JSON response from the WebDriver does not have an\n        error.\n    \n        Args:\n            response: The JSON response from the WebDriver server as a dictionary\n                object.\n    \n        Raises:\n            WebDriverException: If the response contains an error message.\n        \"\"\"\n        status = response.get(\"status\", None)\n        if not status or status == ErrorCode.SUCCESS:\n            return\n        value = None\n        message = response.get(\"message\", \"\")\n        screen: str = response.get(\"screen\", \"\")\n        stacktrace = None\n        if isinstance(status, int):\n            value_json = response.get(\"value\", None)\n            if value_json and isinstance(value_json, str):\n                try:\n                    value = json.loads(value_json)\n                    if isinstance(value, dict):\n                        if len(value) == 1:\n                            value = value[\"value\"]\n                        status = value.get(\"error\", None)\n                        if not status:\n                            status = value.get(\"status\", ErrorCode.UNKNOWN_ERROR)\n                            message = value.get(\"value\") or value.get(\"message\")\n                            if not isinstance(message, str):\n                                value = message\n                                message = message.get(\"message\") if isinstance(message, dict) else None\n                        else:\n                            message = value.get(\"message\", None)\n                except ValueError:\n                    pass\n    \n        exception_class: type[WebDriverException]\n        e = ErrorCode()\n        error_codes = [item for item in dir(e) if not item.startswith(\"__\")]\n        for error_code in error_codes:\n            error_info = getattr(ErrorCode, error_code)\n            if isinstance(error_info, list) and status in error_info:\n                exception_class = getattr(ExceptionMapping, error_code, WebDriverException)\n                break\n        else:\n            exception_class = WebDriverException\n    \n        if not value:\n            value = response[\"value\"]\n        if isinstance(value, str):\n            raise exception_class(value)\n        if message == \"\" and \"message\" in value:\n            message = value[\"message\"]\n    \n        screen = None  # type: ignore[assignment]\n        if \"screen\" in value:\n            screen = value[\"screen\"]\n    \n        stacktrace = None\n        st_value = value.get(\"stackTrace\") or value.get(\"stacktrace\")\n        if st_value:\n            if isinstance(st_value, str):\n                stacktrace = st_value.split(\"\\n\")\n            else:\n                stacktrace = []\n                try:\n                    for frame in st_value:\n                        line = frame.get(\"lineNumber\", \"\")\n                        file = frame.get(\"fileName\", \"<anonymous>\")\n                        if line:\n                            file = f\"{file}:{line}\"\n                        meth = frame.get(\"methodName\", \"<anonymous>\")\n                        if \"className\" in frame:\n                            meth = f\"{frame['className']}.{meth}\"\n                        msg = \"    at %s (%s)\"\n                        msg = msg % (meth, file)\n                        stacktrace.append(msg)\n                except TypeError:\n                    pass\n        if exception_class == UnexpectedAlertPresentException:\n            alert_text = None\n            if \"data\" in value:\n                alert_text = value[\"data\"].get(\"text\")\n            elif \"alert\" in value:\n                alert_text = value[\"alert\"].get(\"text\")\n            raise exception_class(message, screen, stacktrace, alert_text)  # type: ignore[call-arg]  # mypy is not smart enough here\n>       raise exception_class(message, screen, stacktrace)\nE       selenium.common.exceptions.NoSuchElementException: Message: no such element: Unable to locate element: {\"method\":\"css selector\",\"selector\":\"[id=\"user-name\"]\"}\nE         (Session info: chrome=143.0.7499.170); For documentation on this error, please visit: https://www.selenium.dev/documentation/webdriver/troubleshooting/errors#nosuchelementexception\nE       Stacktrace:\nE       Symbols not available. Dumping unresolved backtrace:\nE       \t0x7ff60f7088e5\nE       \t0x7ff60f708940\nE       \t0x7ff60f4e165d\nE       \t0x7ff60f539a33\nE       \t0x7ff60f539d3c\nE       \t0x7ff60f58df67\nE       \t0x7ff60f58ac97\nE       \t0x7ff60f52ac29\nE       \t0x7ff60f52ba93\nE       \t0x7ff60fa20640\nE       \t0x7ff60fa1af80\nE       \t0x7ff60fa396e6\nE       \t0x7ff60f725de4\nE       \t0x7ff60f72ed8c\nE       \t0x7ff60f712004\nE       \t0x7ff60f7121b5\nE       \t0x7ff60f6f7ee2\nE       \t0x7ff98746e8d7\nE       \t0x7ff988d4c53c\n\n..\\.venv\\lib\\site-packages\\selenium\\webdriver\\remote\\errorhandler.py:233: NoSuchElementException"}, "attachments": [{"name": "log", "source": "446901f1-9848-472a-87c1-19bd1e274ff2-attachment.txt", "type": "text/plain"}, {"name": "stdout", "source": "a7236bd7-6534-44ea-9e15-b481c6f22e6c-attachment.txt", "type": "text/plain"}], "parameters": [{"name": "driver", "value": "'chrome'"}, {"name": "login", "value": "{'username': 'Admin', 'password': 'admin123'}"}], "start": 1767642624555, "stop": 1767642624555, "uuid": "6f7e5369-f0ac-4b3e-8ecc-fdcaa354515b", "historyId": "4fefadad38264466b30ae5d2034a2803", "testCaseId": "8dd87ce10d1db8d5959628eb236d98fe", "fullName": "tests.test_login#test_login_with_users", "labels": [{"name": "parentSuite", "value": "tests"}, {"name": "suite", "value": "test_login"}, {"name": "host", "value": "LAPTOP-FMHHMO83"}, {"name": "thread", "value": "19000-MainThread"}, {"name": "framework", "value": "pytest"}, {"name": "language", "value": "cpython3"}, {"name": "package", "value": "tests.test_login"}], "titlePath": ["tests", "test_login.py"]}