{"name": "test_login_with_users[chrome-login0]", "status": "broken", "statusDetails": {"message": "selenium.common.exceptions.NoSuchElementException: Message: no such element: Unable to locate element: {\"method\":\"css selector\",\"selector\":\"[name=\"username\"]\"}\n  (Session info: chrome=143.0.7499.170); For documentation on this error, please visit: https://www.selenium.dev/documentation/webdriver/troubleshooting/errors#nosuchelementexception\nStacktrace:\nSymbols not available. Dumping unresolved backtrace:\n\t0x7ff675ab88e5\n\t0x7ff675ab8940\n\t0x7ff67589165d\n\t0x7ff6758e9a33\n\t0x7ff6758e9d3c\n\t0x7ff67593df67\n\t0x7ff67593ac97\n\t0x7ff6758dac29\n\t0x7ff6758dba93\n\t0x7ff675dd0640\n\t0x7ff675dcaf80\n\t0x7ff675de96e6\n\t0x7ff675ad5de4\n\t0x7ff675aded8c\n\t0x7ff675ac2004\n\t0x7ff675ac21b5\n\t0x7ff675aa7ee2\n\t0x7ff98746e8d7\n\t0x7ff988d4c53c", "trace": "request = <SubRequest 'login' for <Function test_login_with_users[chrome-login0]>>\ndriver = <selenium.webdriver.chrome.webdriver.WebDriver (session=\"6a088d7a8d88e21cb3de0f1015e5f6c6\")>\nbase_url = 'https://a404cb5b-fc3a-46d1-a8cc-6f72f08d71db.mock.pstmn.io'\n\n    @pytest.fixture\n    def login(request, driver, base_url ):\n        \"\"\"\n        Log in before each test function.\n        Uses parametrize values from the test.\n        \"\"\"\n        username = request.param[\"username\"]\n        password = request.param[\"password\"]\n    \n    \n        driver.get(base_url)\n    \n>       driver.find_element(By.NAME, \"username\").send_keys(username)\n\nconftest.py:57: \n_ _ _ _ _ _ _ _ _ _ _ _ _ _ _ _ _ _ _ _ _ _ _ _ _ _ _ _ _ _ _ _ _ _ _ _ _ _ _ _ _ _ _ _ _ _ _ _ _ _ _ _ _ _ _ _\n..\\.venv\\lib\\site-packages\\selenium\\webdriver\\remote\\webdriver.py:926: in find_element\n    return self.execute(Command.FIND_ELEMENT, {\"using\": by, \"value\": value})[\"value\"]\n..\\.venv\\lib\\site-packages\\selenium\\webdriver\\remote\\webdriver.py:458: in execute\n    self.error_handler.check_response(response)\n_ _ _ _ _ _ _ _ _ _ _ _ _ _ _ _ _ _ _ _ _ _ _ _ _ _ _ _ _ _ _ _ _ _ _ _ _ _ _ _ _ _ _ _ _ _ _ _ _ _ _ _ _ _ _ _\n\nself = <selenium.webdriver.remote.errorhandler.ErrorHandler object at 0x0000027E9EEE7040>\nresponse = {'status': 404, 'value': '{\"value\":{\"error\":\"no such element\",\"message\":\"no such element: Unable to locate element: {\\...ff675aded8c\\\\n\\\\t0x7ff675ac2004\\\\n\\\\t0x7ff675ac21b5\\\\n\\\\t0x7ff675aa7ee2\\\\n\\\\t0x7ff98746e8d7\\\\n\\\\t0x7ff988d4c53c\\\\n\"}}'}\n\n    def check_response(self, response: dict[str, Any]) -> None:\n        \"\"\"Checks that a JSON response from the WebDriver does not have an\n        error.\n    \n        Args:\n            response: The JSON response from the WebDriver server as a dictionary\n                object.\n    \n        Raises:\n            WebDriverException: If the response contains an error message.\n        \"\"\"\n        status = response.get(\"status\", None)\n        if not status or status == ErrorCode.SUCCESS:\n            return\n        value = None\n        message = response.get(\"message\", \"\")\n        screen: str = response.get(\"screen\", \"\")\n        stacktrace = None\n        if isinstance(status, int):\n            value_json = response.get(\"value\", None)\n            if value_json and isinstance(value_json, str):\n                try:\n                    value = json.loads(value_json)\n                    if isinstance(value, dict):\n                        if len(value) == 1:\n                            value = value[\"value\"]\n                        status = value.get(\"error\", None)\n                        if not status:\n                            status = value.get(\"status\", ErrorCode.UNKNOWN_ERROR)\n                            message = value.get(\"value\") or value.get(\"message\")\n                            if not isinstance(message, str):\n                                value = message\n                                message = message.get(\"message\") if isinstance(message, dict) else None\n                        else:\n                            message = value.get(\"message\", None)\n                except ValueError:\n                    pass\n    \n        exception_class: type[WebDriverException]\n        e = ErrorCode()\n        error_codes = [item for item in dir(e) if not item.startswith(\"__\")]\n        for error_code in error_codes:\n            error_info = getattr(ErrorCode, error_code)\n            if isinstance(error_info, list) and status in error_info:\n                exception_class = getattr(ExceptionMapping, error_code, WebDriverException)\n                break\n        else:\n            exception_class = WebDriverException\n    \n        if not value:\n            value = response[\"value\"]\n        if isinstance(value, str):\n            raise exception_class(value)\n        if message == \"\" and \"message\" in value:\n            message = value[\"message\"]\n    \n        screen = None  # type: ignore[assignment]\n        if \"screen\" in value:\n            screen = value[\"screen\"]\n    \n        stacktrace = None\n        st_value = value.get(\"stackTrace\") or value.get(\"stacktrace\")\n        if st_value:\n            if isinstance(st_value, str):\n                stacktrace = st_value.split(\"\\n\")\n            else:\n                stacktrace = []\n                try:\n                    for frame in st_value:\n                        line = frame.get(\"lineNumber\", \"\")\n                        file = frame.get(\"fileName\", \"<anonymous>\")\n                        if line:\n                            file = f\"{file}:{line}\"\n                        meth = frame.get(\"methodName\", \"<anonymous>\")\n                        if \"className\" in frame:\n                            meth = f\"{frame['className']}.{meth}\"\n                        msg = \"    at %s (%s)\"\n                        msg = msg % (meth, file)\n                        stacktrace.append(msg)\n                except TypeError:\n                    pass\n        if exception_class == UnexpectedAlertPresentException:\n            alert_text = None\n            if \"data\" in value:\n                alert_text = value[\"data\"].get(\"text\")\n            elif \"alert\" in value:\n                alert_text = value[\"alert\"].get(\"text\")\n            raise exception_class(message, screen, stacktrace, alert_text)  # type: ignore[call-arg]  # mypy is not smart enough here\n>       raise exception_class(message, screen, stacktrace)\nE       selenium.common.exceptions.NoSuchElementException: Message: no such element: Unable to locate element: {\"method\":\"css selector\",\"selector\":\"[name=\"username\"]\"}\nE         (Session info: chrome=143.0.7499.170); For documentation on this error, please visit: https://www.selenium.dev/documentation/webdriver/troubleshooting/errors#nosuchelementexception\nE       Stacktrace:\nE       Symbols not available. Dumping unresolved backtrace:\nE       \t0x7ff675ab88e5\nE       \t0x7ff675ab8940\nE       \t0x7ff67589165d\nE       \t0x7ff6758e9a33\nE       \t0x7ff6758e9d3c\nE       \t0x7ff67593df67\nE       \t0x7ff67593ac97\nE       \t0x7ff6758dac29\nE       \t0x7ff6758dba93\nE       \t0x7ff675dd0640\nE       \t0x7ff675dcaf80\nE       \t0x7ff675de96e6\nE       \t0x7ff675ad5de4\nE       \t0x7ff675aded8c\nE       \t0x7ff675ac2004\nE       \t0x7ff675ac21b5\nE       \t0x7ff675aa7ee2\nE       \t0x7ff98746e8d7\nE       \t0x7ff988d4c53c\n\n..\\.venv\\lib\\site-packages\\selenium\\webdriver\\remote\\errorhandler.py:233: NoSuchElementException"}, "attachments": [{"name": "log", "source": "39ed49dd-7d8e-4fa5-9b98-a58ee9cca606-attachment.txt", "type": "text/plain"}, {"name": "stdout", "source": "8d5fc948-f83d-4079-a511-dab52d355790-attachment.txt", "type": "text/plain"}], "parameters": [{"name": "driver", "value": "'chrome'"}, {"name": "login", "value": "{'username': 'Admin', 'password': 'admin123'}"}], "start": 1767646505390, "stop": 1767646505390, "uuid": "8c72f860-5f08-43bb-8fdf-e1e6d07fd9cd", "historyId": "4fefadad38264466b30ae5d2034a2803", "testCaseId": "8dd87ce10d1db8d5959628eb236d98fe", "fullName": "tests.test_login#test_login_with_users", "labels": [{"name": "parentSuite", "value": "tests"}, {"name": "suite", "value": "test_login"}, {"name": "host", "value": "LAPTOP-FMHHMO83"}, {"name": "thread", "value": "29476-MainThread"}, {"name": "framework", "value": "pytest"}, {"name": "language", "value": "cpython3"}, {"name": "package", "value": "tests.test_login"}], "titlePath": ["tests", "test_login.py"]}