[32mINFO    [0m root:conftest.py:27 []
[32mINFO    [0m root:conftest.py:36 Running on chrome browser
[32mINFO    [0m root:base_page.py:25 Entered text in: Username field
[32mINFO    [0m root:base_page.py:25 Entered text in: Password field
[32mINFO    [0m root:base_page.py:16 Clicked: Login button
[32mINFO    [0m root:base_page.py:16 Clicked: PIM menu
[32mINFO    [0m root:test_search.py:16 STEP 1 : Clicked PIM menu
[31m[1mERROR   [0m root:base_page.py:30 Click failed - Employee List menu
[31m[1mERROR   [0m root:base_page.py:31 Message: 
Stacktrace:
Symbols not available. Dumping unresolved backtrace:
	0x7ff7c13888d5
	0x7ff7c1388930
	0x7ff7c116165d
	0x7ff7c11b9a33
	0x7ff7c11b9d3c
	0x7ff7c120df67
	0x7ff7c120ac97
	0x7ff7c11aac29
	0x7ff7c11aba93
	0x7ff7c16a0620
	0x7ff7c169af60
	0x7ff7c16b96c6
	0x7ff7c13a5dd4
	0x7ff7c13aed7c
	0x7ff7c1391ff4
	0x7ff7c13921a5
	0x7ff7c1377ed2
	0x7ff98d0ee8d7
	0x7ff98db0c53c
Traceback (most recent call last):
  File "C:\Users\eksri\NMMProject\UIProject\pages\base_page.py", line 14, in click
    element = self.wait.until(EC.element_to_be_clickable(locator))
  File "c:\Users\eksri\NMMProject\.venv\lib\site-packages\selenium\webdriver\support\wait.py", line 138, in until
    raise TimeoutException(message, screen, stacktrace)
selenium.common.exceptions.TimeoutException: Message: 
Stacktrace:
Symbols not available. Dumping unresolved backtrace:
	0x7ff7c13888d5
	0x7ff7c1388930
	0x7ff7c116165d
	0x7ff7c11b9a33
	0x7ff7c11b9d3c
	0x7ff7c120df67
	0x7ff7c120ac97
	0x7ff7c11aac29
	0x7ff7c11aba93
	0x7ff7c16a0620
	0x7ff7c169af60
	0x7ff7c16b96c6
	0x7ff7c13a5dd4
	0x7ff7c13aed7c
	0x7ff7c1391ff4
	0x7ff7c13921a5
	0x7ff7c1377ed2
	0x7ff98d0ee8d7
	0x7ff98db0c53c

[31m[1mERROR   [0m root:base_page.py:38 Screenshot saved: screenshots/Click failed_20260118-112730.png