{"name": "test_add_employee[chrome]", "status": "failed", "statusDetails": {"message": "AssertionError: Employee John Doe not found in search results\nassert False\n +  where False = verify_employee_in_results('John')\n +    where verify_employee_in_results = <UIProject.pages.pim_page.PimPage object at 0x000002E656BEBBE0>.verify_employee_in_results", "trace": "logged_in_driver = <selenium.webdriver.chrome.webdriver.WebDriver (session=\"311a175c6279f824b1e633aa93e105b0\")>\n\n    def test_add_employee(logged_in_driver):\n        driver = logged_in_driver  # Uses BASE_USERNAME / BASE_PASSWORD by default\n        print(\"Logged in\")\n    \n        # Step 1: click PIM from menu\n        menu_page = MenuPage(driver)\n        menu_page.click_pim()\n        assert menu_page.is_pim_menu_opened(), \"PIM menu is not opened\"\n        logging.info(\"STEP 1 : Clicked PIM menu\")\n    \n        # Step 2: click Add Employee from PIM page\n        pim_page = PimPage(driver)\n        pim_page.click_add_employee(\"John\", \"Doe\")\n        logging.info(\"STEP 2 : Added employee John Doe\")\n    \n        pim_page.click_employee_list()\n        assert pim_page.is_employee_list_opened(), \"Employee List page did not open\"\n        logging.info(\"STEP 3 : Clicked Employee List menu\")\n    \n        pim_page.search_employee(\"John Doe\")\n>       assert pim_page.verify_employee_in_results(\"John\"), \"Employee John Doe not found in search results\"\nE       AssertionError: Employee John Doe not found in search results\nE       assert False\nE        +  where False = verify_employee_in_results('John')\nE        +    where verify_employee_in_results = <UIProject.pages.pim_page.PimPage object at 0x000002E656BEBBE0>.verify_employee_in_results\n\ntests\\test_add_employee.py:33: AssertionError"}, "attachments": [{"name": "log", "source": "d3e4a62f-1d48-40f2-b1bf-69848cafcf55-attachment.txt", "type": "text/plain"}, {"name": "stdout", "source": "5f2623cf-7b93-4201-bf62-86d57468e31b-attachment.txt", "type": "text/plain"}], "parameters": [{"name": "driver", "value": "'chrome'"}], "start": 1769626479939, "stop": 1769626495700, "uuid": "eca072ed-f4f9-452b-bc2e-54cb5b24f3ff", "historyId": "fe3c94f58c9ed8d9cb285da67ce5d0db", "testCaseId": "310529c96f359063fe1615ba6da44ecc", "fullName": "tests.test_add_employee#test_add_employee", "labels": [{"name": "parentSuite", "value": "tests"}, {"name": "suite", "value": "test_add_employee"}, {"name": "host", "value": "LAPTOP-FMHHMO83"}, {"name": "thread", "value": "19796-MainThread"}, {"name": "framework", "value": "pytest"}, {"name": "language", "value": "cpython3"}, {"name": "package", "value": "tests.test_add_employee"}], "titlePath": ["tests", "test_add_employee.py"]}